<?xml version="1.0" encoding="UTF-8"?>
<testsuite xmlns:xsi="http://www.w3.org/2001/XMLSchema-instance" xsi:noNamespaceSchemaLocation="https://maven.apache.org/surefire/maven-surefire-plugin/xsd/surefire-test-report-3.0.xsd" version="3.0" name="com.monify.UserServiceTest" time="0.06" tests="6" errors="0" skipped="0" failures="0">
  <properties>
[...]
</properties>
  <testcase name="testRegisterUserDuplicateEmail" classname="com.monify.UserServiceTest" time="0.016">
    <system-out><![CDATA[2026-05-25T18:27:11.914-03:00 DEBUG 43972 --- [MONIFY - Sistema de OrganizaÃ§Ã£o Financeira] [           main] org.hibernate.SQL                        : 
    select
        u1_0.id,
        u1_0.created_at,
        u1_0.email,
        u1_0.name,
        u1_0.password,
        u1_0.updated_at 
    from
        users u1_0
2026-05-25T18:27:11.914-03:00 DEBUG 43972 --- [MONIFY - Sistema de OrganizaÃ§Ã£o Financeira] [           main] org.hibernate.SQL                        : 
    select
        a1_0.user_id,
        a1_0.id,
        a1_0.balance,
        a1_0.created_at,
        a1_0.name,
        a1_0.type 
    from
        accounts a1_0 
    where
        a1_0.user_id=?
2026-05-25T18:27:11.916-03:00 DEBUG 43972 --- [MONIFY - Sistema de OrganizaÃ§Ã£o Financeira] [           main] org.hibernate.SQL                        : 
    select
        cc1_0.user_id,
        cc1_0.id,
        cc1_0.brand,
        cc1_0.created_at,
        cc1_0.last_four,
        cc1_0.limit_amount,
        cc1_0.name 
    from
        credit_cards cc1_0 
    where
        cc1_0.user_id=?
2026-05-25T18:27:11.916-03:00 DEBUG 43972 --- [MONIFY - Sistema de OrganizaÃ§Ã£o Financeira] [           main] org.hibernate.SQL                        : 
    select
        sl1_0.user_id,
        sl1_0.id,
        sl1_0.amount,
        sl1_0.category_key,
        sl1_0.category_name,
        sl1_0.created_at,
        sl1_0.limit_type,
        sl1_0.reference_month,
        sl1_0.updated_at 
    from
        spending_limits sl1_0 
    where
        sl1_0.user_id=?
2026-05-25T18:27:11.916-03:00 DEBUG 43972 --- [MONIFY - Sistema de OrganizaÃ§Ã£o Financeira] [           main] org.hibernate.SQL                        : 
    select
        t1_0.user_id,
        t1_0.id,
        t1_0.amount,
        t1_0.category_id,
        t1_0.created_at,
        t1_0.date,
        t1_0.description,
        t1_0.type,
        t1_0.updated_at 
    from
        transactions t1_0 
    where
        t1_0.user_id=?
2026-05-25T18:27:11.920-03:00 DEBUG 43972 --- [MONIFY - Sistema de OrganizaÃ§Ã£o Financeira] [           main] org.hibernate.SQL                        : 
    delete 
    from
        transactions 
    where
        id=?
2026-05-25T18:27:11.920-03:00 DEBUG 43972 --- [MONIFY - Sistema de OrganizaÃ§Ã£o Financeira] [           main] org.hibernate.SQL                        : 
    delete 
    from
        transactions 
    where
        id=?
2026-05-25T18:27:11.921-03:00 DEBUG 43972 --- [MONIFY - Sistema de OrganizaÃ§Ã£o Financeira] [           main] org.hibernate.SQL                        : 
    delete 
    from
        users 
    where
        id=?
2026-05-25T18:27:11.925-03:00 DEBUG 43972 --- [MONIFY - Sistema de OrganizaÃ§Ã£o Financeira] [           main] org.hibernate.SQL                        : 
    select
        u1_0.id 
    from
        users u1_0 
    where
        u1_0.email=? 
    fetch
        first ? rows only
2026-05-25T18:27:11.926-03:00 DEBUG 43972 --- [MONIFY - Sistema de OrganizaÃ§Ã£o Financeira] [           main] org.hibernate.SQL                        : 
    insert 
    into
        users
        (created_at, email, name, password, updated_at, id) 
    values
        (?, ?, ?, ?, ?, default)
2026-05-25T18:27:11.928-03:00 DEBUG 43972 --- [MONIFY - Sistema de OrganizaÃ§Ã£o Financeira] [           main] org.hibernate.SQL                        : 
    select
        u1_0.id 
    from
        users u1_0 
    where
        u1_0.email=? 
    fetch
        first ? rows only
]]></system-out>
  </testcase>
  <testcase name="testUpdateUser" classname="com.monify.UserServiceTest" time="0.008">
    <system-out><![CDATA[2026-05-25T18:27:11.932-03:00 DEBUG 43972 --- [MONIFY - Sistema de OrganizaÃ§Ã£o Financeira] [           main] org.hibernate.SQL                        : 
    select
        u1_0.id,
        u1_0.created_at,
        u1_0.email,
        u1_0.name,
        u1_0.password,
        u1_0.updated_at 
    from
        users u1_0
2026-05-25T18:27:11.933-03:00 DEBUG 43972 --- [MONIFY - Sistema de OrganizaÃ§Ã£o Financeira] [           main] org.hibernate.SQL                        : 
    select
        a1_0.user_id,
        a1_0.id,
        a1_0.balance,
        a1_0.created_at,
        a1_0.name,
        a1_0.type 
    from
        accounts a1_0 
    where
        a1_0.user_id=?
2026-05-25T18:27:11.933-03:00 DEBUG 43972 --- [MONIFY - Sistema de OrganizaÃ§Ã£o Financeira] [           main] org.hibernate.SQL                        : 
    select
        cc1_0.user_id,
        cc1_0.id,
        cc1_0.brand,
        cc1_0.created_at,
        cc1_0.last_four,
        cc1_0.limit_amount,
        cc1_0.name 
    from
        credit_cards cc1_0 
    where
        cc1_0.user_id=?
2026-05-25T18:27:11.933-03:00 DEBUG 43972 --- [MONIFY - Sistema de OrganizaÃ§Ã£o Financeira] [           main] org.hibernate.SQL                        : 
    select
        sl1_0.user_id,
        sl1_0.id,
        sl1_0.amount,
        sl1_0.category_key,
        sl1_0.category_name,
        sl1_0.created_at,
        sl1_0.limit_type,
        sl1_0.reference_month,
        sl1_0.updated_at 
    from
        spending_limits sl1_0 
    where
        sl1_0.user_id=?
2026-05-25T18:27:11.934-03:00 DEBUG 43972 --- [MONIFY - Sistema de OrganizaÃ§Ã£o Financeira] [           main] org.hibernate.SQL                        : 
    select
        t1_0.user_id,
        t1_0.id,
        t1_0.amount,
        t1_0.category_id,
        t1_0.created_at,
        t1_0.date,
        t1_0.description,
        t1_0.type,
        t1_0.updated_at 
    from
        transactions t1_0 
    where
        t1_0.user_id=?
2026-05-25T18:27:11.934-03:00 DEBUG 43972 --- [MONIFY - Sistema de OrganizaÃ§Ã£o Financeira] [           main] org.hibernate.SQL                        : 
    delete 
    from
        users 
    where
        id=?
2026-05-25T18:27:11.935-03:00 DEBUG 43972 --- [MONIFY - Sistema de OrganizaÃ§Ã£o Financeira] [           main] org.hibernate.SQL                        : 
    select
        u1_0.id 
    from
        users u1_0 
    where
        u1_0.email=? 
    fetch
        first ? rows only
2026-05-25T18:27:11.936-03:00 DEBUG 43972 --- [MONIFY - Sistema de OrganizaÃ§Ã£o Financeira] [           main] org.hibernate.SQL                        : 
    insert 
    into
        users
        (created_at, email, name, password, updated_at, id) 
    values
        (?, ?, ?, ?, ?, default)
2026-05-25T18:27:11.936-03:00 DEBUG 43972 --- [MONIFY - Sistema de OrganizaÃ§Ã£o Financeira] [           main] org.hibernate.SQL                        : 
    select
        u1_0.id,
        u1_0.created_at,
        u1_0.email,
        u1_0.name,
        u1_0.password,
        u1_0.updated_at 
    from
        users u1_0 
    where
        u1_0.id=?
2026-05-25T18:27:11.937-03:00 DEBUG 43972 --- [MONIFY - Sistema de OrganizaÃ§Ã£o Financeira] [           main] org.hibernate.SQL                        : 
    update
        users 
    set
        email=?,
        name=?,
        password=?,
        updated_at=? 
    where
        id=?
]]></system-out>
  </testcase>
  <testcase name="testRegisterUserSuccess" classname="com.monify.UserServiceTest" time="0.006">
    <system-out><![CDATA[2026-05-25T18:27:11.940-03:00 DEBUG 43972 --- [MONIFY - Sistema de OrganizaÃ§Ã£o Financeira] [           main] org.hibernate.SQL                        : 
    select
        u1_0.id,
        u1_0.created_at,
        u1_0.email,
        u1_0.name,
        u1_0.password,
        u1_0.updated_at 
    from
        users u1_0
2026-05-25T18:27:11.940-03:00 DEBUG 43972 --- [MONIFY - Sistema de OrganizaÃ§Ã£o Financeira] [           main] org.hibernate.SQL                        : 
    select
        a1_0.user_id,
        a1_0.id,
        a1_0.balance,
        a1_0.created_at,
        a1_0.name,
        a1_0.type 
    from
        accounts a1_0 
    where
        a1_0.user_id=?
2026-05-25T18:27:11.940-03:00 DEBUG 43972 --- [MONIFY - Sistema de OrganizaÃ§Ã£o Financeira] [           main] org.hibernate.SQL                        : 
    select
        cc1_0.user_id,
        cc1_0.id,
        cc1_0.brand,
        cc1_0.created_at,
        cc1_0.last_four,
        cc1_0.limit_amount,
        cc1_0.name 
    from
        credit_cards cc1_0 
    where
        cc1_0.user_id=?
2026-05-25T18:27:11.941-03:00 DEBUG 43972 --- [MONIFY - Sistema de OrganizaÃ§Ã£o Financeira] [           main] org.hibernate.SQL                        : 
    select
        sl1_0.user_id,
        sl1_0.id,
        sl1_0.amount,
        sl1_0.category_key,
        sl1_0.category_name,
        sl1_0.created_at,
        sl1_0.limit_type,
        sl1_0.reference_month,
        sl1_0.updated_at 
    from
        spending_limits sl1_0 
    where
        sl1_0.user_id=?
2026-05-25T18:27:11.941-03:00 DEBUG 43972 --- [MONIFY - Sistema de OrganizaÃ§Ã£o Financeira] [           main] org.hibernate.SQL                        : 
    select
        t1_0.user_id,
        t1_0.id,
        t1_0.amount,
        t1_0.category_id,
        t1_0.created_at,
        t1_0.date,
        t1_0.description,
        t1_0.type,
        t1_0.updated_at 
    from
        transactions t1_0 
    where
        t1_0.user_id=?
2026-05-25T18:27:11.941-03:00 DEBUG 43972 --- [MONIFY - Sistema de OrganizaÃ§Ã£o Financeira] [           main] org.hibernate.SQL                        : 
    delete 
    from
        users 
    where
        id=?
2026-05-25T18:27:11.942-03:00 DEBUG 43972 --- [MONIFY - Sistema de OrganizaÃ§Ã£o Financeira] [           main] org.hibernate.SQL                        : 
    select
        u1_0.id 
    from
        users u1_0 
    where
        u1_0.email=? 
    fetch
        first ? rows only
2026-05-25T18:27:11.943-03:00 DEBUG 43972 --- [MONIFY - Sistema de OrganizaÃ§Ã£o Financeira] [           main] org.hibernate.SQL                        : 
    insert 
    into
        users
        (created_at, email, name, password, updated_at, id) 
    values
        (?, ?, ?, ?, ?, default)
]]></system-out>
  </testcase>
  <testcase name="testDeleteUser" classname="com.monify.UserServiceTest" time="0.009">
    <system-out><![CDATA[2026-05-25T18:27:11.946-03:00 DEBUG 43972 --- [MONIFY - Sistema de OrganizaÃ§Ã£o Financeira] [           main] org.hibernate.SQL                        : 
    select
        u1_0.id,
        u1_0.created_at,
        u1_0.email,
        u1_0.name,
        u1_0.password,
        u1_0.updated_at 
    from
        users u1_0
2026-05-25T18:27:11.948-03:00 DEBUG 43972 --- [MONIFY - Sistema de OrganizaÃ§Ã£o Financeira] [           main] org.hibernate.SQL                        : 
    select
        a1_0.user_id,
        a1_0.id,
        a1_0.balance,
        a1_0.created_at,
        a1_0.name,
        a1_0.type 
    from
        accounts a1_0 
    where
        a1_0.user_id=?
2026-05-25T18:27:11.948-03:00 DEBUG 43972 --- [MONIFY - Sistema de OrganizaÃ§Ã£o Financeira] [           main] org.hibernate.SQL                        : 
    select
        cc1_0.user_id,
        cc1_0.id,
        cc1_0.brand,
        cc1_0.created_at,
        cc1_0.last_four,
        cc1_0.limit_amount,
        cc1_0.name 
    from
        credit_cards cc1_0 
    where
        cc1_0.user_id=?
2026-05-25T18:27:11.948-03:00 DEBUG 43972 --- [MONIFY - Sistema de OrganizaÃ§Ã£o Financeira] [           main] org.hibernate.SQL                        : 
    select
        sl1_0.user_id,
        sl1_0.id,
        sl1_0.amount,
        sl1_0.category_key,
        sl1_0.category_name,
        sl1_0.created_at,
        sl1_0.limit_type,
        sl1_0.reference_month,
        sl1_0.updated_at 
    from
        spending_limits sl1_0 
    where
        sl1_0.user_id=?
2026-05-25T18:27:11.948-03:00 DEBUG 43972 --- [MONIFY - Sistema de OrganizaÃ§Ã£o Financeira] [           main] org.hibernate.SQL                        : 
    select
        t1_0.user_id,
        t1_0.id,
        t1_0.amount,
        t1_0.category_id,
        t1_0.created_at,
        t1_0.date,
        t1_0.description,
        t1_0.type,
        t1_0.updated_at 
    from
        transactions t1_0 
    where
        t1_0.user_id=?
2026-05-25T18:27:11.949-03:00 DEBUG 43972 --- [MONIFY - Sistema de OrganizaÃ§Ã£o Financeira] [           main] org.hibernate.SQL                        : 
    delete 
    from
        users 
    where
        id=?
2026-05-25T18:27:11.950-03:00 DEBUG 43972 --- [MONIFY - Sistema de OrganizaÃ§Ã£o Financeira] [           main] org.hibernate.SQL                        : 
    select
        u1_0.id 
    from
        users u1_0 
    where
        u1_0.email=? 
    fetch
        first ? rows only
2026-05-25T18:27:11.950-03:00 DEBUG 43972 --- [MONIFY - Sistema de OrganizaÃ§Ã£o Financeira] [           main] org.hibernate.SQL                        : 
    insert 
    into
        users
        (created_at, email, name, password, updated_at, id) 
    values
        (?, ?, ?, ?, ?, default)
2026-05-25T18:27:11.951-03:00 DEBUG 43972 --- [MONIFY - Sistema de OrganizaÃ§Ã£o Financeira] [           main] org.hibernate.SQL                        : 
    select
        u1_0.id,
        u1_0.created_at,
        u1_0.email,
        u1_0.name,
        u1_0.password,
        u1_0.updated_at 
    from
        users u1_0 
    where
        u1_0.id=?
2026-05-25T18:27:11.951-03:00 DEBUG 43972 --- [MONIFY - Sistema de OrganizaÃ§Ã£o Financeira] [           main] org.hibernate.SQL                        : 
    select
        a1_0.user_id,
        a1_0.id,
        a1_0.balance,
        a1_0.created_at,
        a1_0.name,
        a1_0.type 
    from
        accounts a1_0 
    where
        a1_0.user_id=?
2026-05-25T18:27:11.952-03:00 DEBUG 43972 --- [MONIFY - Sistema de OrganizaÃ§Ã£o Financeira] [           main] org.hibernate.SQL                        : 
    select
        cc1_0.user_id,
        cc1_0.id,
        cc1_0.brand,
        cc1_0.created_at,
        cc1_0.last_four,
        cc1_0.limit_amount,
        cc1_0.name 
    from
        credit_cards cc1_0 
    where
        cc1_0.user_id=?
2026-05-25T18:27:11.952-03:00 DEBUG 43972 --- [MONIFY - Sistema de OrganizaÃ§Ã£o Financeira] [           main] org.hibernate.SQL                        : 
    select
        sl1_0.user_id,
        sl1_0.id,
        sl1_0.amount,
        sl1_0.category_key,
        sl1_0.category_name,
        sl1_0.created_at,
        sl1_0.limit_type,
        sl1_0.reference_month,
        sl1_0.updated_at 
    from
        spending_limits sl1_0 
    where
        sl1_0.user_id=?
2026-05-25T18:27:11.952-03:00 DEBUG 43972 --- [MONIFY - Sistema de OrganizaÃ§Ã£o Financeira] [           main] org.hibernate.SQL                        : 
    select
        t1_0.user_id,
        t1_0.id,
        t1_0.amount,
        t1_0.category_id,
        t1_0.created_at,
        t1_0.date,
        t1_0.description,
        t1_0.type,
        t1_0.updated_at 
    from
        transactions t1_0 
    where
        t1_0.user_id=?
2026-05-25T18:27:11.952-03:00 DEBUG 43972 --- [MONIFY - Sistema de OrganizaÃ§Ã£o Financeira] [           main] org.hibernate.SQL                        : 
    delete 
    from
        users 
    where
        id=?
2026-05-25T18:27:11.953-03:00 DEBUG 43972 --- [MONIFY - Sistema de OrganizaÃ§Ã£o Financeira] [           main] org.hibernate.SQL                        : 
    select
        u1_0.id,
        u1_0.created_at,
        u1_0.email,
        u1_0.name,
        u1_0.password,
        u1_0.updated_at 
    from
        users u1_0 
    where
        u1_0.id=?
]]></system-out>
  </testcase>
  <testcase name="testAuthenticateUserSuccess" classname="com.monify.UserServiceTest" time="0.005">
    <system-out><![CDATA[2026-05-25T18:27:11.956-03:00 DEBUG 43972 --- [MONIFY - Sistema de OrganizaÃ§Ã£o Financeira] [           main] org.hibernate.SQL                        : 
    select
        u1_0.id,
        u1_0.created_at,
        u1_0.email,
        u1_0.name,
        u1_0.password,
        u1_0.updated_at 
    from
        users u1_0
2026-05-25T18:27:11.956-03:00 DEBUG 43972 --- [MONIFY - Sistema de OrganizaÃ§Ã£o Financeira] [           main] org.hibernate.SQL                        : 
    select
        u1_0.id 
    from
        users u1_0 
    where
        u1_0.email=? 
    fetch
        first ? rows only
2026-05-25T18:27:11.957-03:00 DEBUG 43972 --- [MONIFY - Sistema de OrganizaÃ§Ã£o Financeira] [           main] org.hibernate.SQL                        : 
    insert 
    into
        users
        (created_at, email, name, password, updated_at, id) 
    values
        (?, ?, ?, ?, ?, default)
2026-05-25T18:27:11.958-03:00 DEBUG 43972 --- [MONIFY - Sistema de OrganizaÃ§Ã£o Financeira] [           main] org.hibernate.SQL                        : 
    select
        u1_0.id,
        u1_0.created_at,
        u1_0.email,
        u1_0.name,
        u1_0.password,
        u1_0.updated_at 
    from
        users u1_0 
    where
        u1_0.email=?
]]></system-out>
  </testcase>
  <testcase name="testAuthenticateUserWrongPassword" classname="com.monify.UserServiceTest" time="0.008">
    <system-out><![CDATA[2026-05-25T18:27:11.962-03:00 DEBUG 43972 --- [MONIFY - Sistema de OrganizaÃ§Ã£o Financeira] [           main] org.hibernate.SQL                        : 
    select
        u1_0.id,
        u1_0.created_at,
        u1_0.email,
        u1_0.name,
        u1_0.password,
        u1_0.updated_at 
    from
        users u1_0
2026-05-25T18:27:11.963-03:00 DEBUG 43972 --- [MONIFY - Sistema de OrganizaÃ§Ã£o Financeira] [           main] org.hibernate.SQL                        : 
    select
        a1_0.user_id,
        a1_0.id,
        a1_0.balance,
        a1_0.created_at,
        a1_0.name,
        a1_0.type 
    from
        accounts a1_0 
    where
        a1_0.user_id=?
2026-05-25T18:27:11.963-03:00 DEBUG 43972 --- [MONIFY - Sistema de OrganizaÃ§Ã£o Financeira] [           main] org.hibernate.SQL                        : 
    select
        cc1_0.user_id,
        cc1_0.id,
        cc1_0.brand,
        cc1_0.created_at,
        cc1_0.last_four,
        cc1_0.limit_amount,
        cc1_0.name 
    from
        credit_cards cc1_0 
    where
        cc1_0.user_id=?
2026-05-25T18:27:11.963-03:00 DEBUG 43972 --- [MONIFY - Sistema de OrganizaÃ§Ã£o Financeira] [           main] org.hibernate.SQL                        : 
    select
        sl1_0.user_id,
        sl1_0.id,
        sl1_0.amount,
        sl1_0.category_key,
        sl1_0.category_name,
        sl1_0.created_at,
        sl1_0.limit_type,
        sl1_0.reference_month,
        sl1_0.updated_at 
    from
        spending_limits sl1_0 
    where
        sl1_0.user_id=?
2026-05-25T18:27:11.963-03:00 DEBUG 43972 --- [MONIFY - Sistema de OrganizaÃ§Ã£o Financeira] [           main] org.hibernate.SQL                        : 
    select
        t1_0.user_id,
        t1_0.id,
        t1_0.amount,
        t1_0.category_id,
        t1_0.created_at,
        t1_0.date,
        t1_0.description,
        t1_0.type,
        t1_0.updated_at 
    from
        transactions t1_0 
    where
        t1_0.user_id=?
2026-05-25T18:27:11.964-03:00 DEBUG 43972 --- [MONIFY - Sistema de OrganizaÃ§Ã£o Financeira] [           main] org.hibernate.SQL                        : 
    delete 
    from
        users 
    where
        id=?
2026-05-25T18:27:11.965-03:00 DEBUG 43972 --- [MONIFY - Sistema de OrganizaÃ§Ã£o Financeira] [           main] org.hibernate.SQL                        : 
    select
        u1_0.id 
    from
        users u1_0 
    where
        u1_0.email=? 
    fetch
        first ? rows only
2026-05-25T18:27:11.965-03:00 DEBUG 43972 --- [MONIFY - Sistema de OrganizaÃ§Ã£o Financeira] [           main] org.hibernate.SQL                        : 
    insert 
    into
        users
        (created_at, email, name, password, updated_at, id) 
    values
        (?, ?, ?, ?, ?, default)
2026-05-25T18:27:11.967-03:00 DEBUG 43972 --- [MONIFY - Sistema de OrganizaÃ§Ã£o Financeira] [           main] org.hibernate.SQL                        : 
    select
        u1_0.id,
        u1_0.created_at,
        u1_0.email,
        u1_0.name,
        u1_0.password,
        u1_0.updated_at 
    from
        users u1_0 
    where
        u1_0.email=?
]]></system-out>
  </testcase>
</testsuite>