<?xml version="1.0" encoding="UTF-8"?>
<testsuite xmlns:xsi="http://www.w3.org/2001/XMLSchema-instance" xsi:noNamespaceSchemaLocation="https://maven.apache.org/surefire/maven-surefire-plugin/xsd/surefire-test-report-3.0.xsd" version="3.0" name="com.monify.TransactionServiceTest" time="3.828" tests="6" errors="0" skipped="0" failures="0">
  <properties>
[...]
</properties>
  <testcase name="testUpdateTransaction" classname="com.monify.TransactionServiceTest" time="0.303">
    <system-out><![CDATA[18:27:08.155 [main] INFO org.springframework.test.context.support.AnnotationConfigContextLoaderUtils -- Could not detect default configuration classes for test class [com.monify.TransactionServiceTest]: TransactionServiceTest does not declare any static, non-private, non-final, nested classes annotated with @Configuration.
18:27:08.207 [main] INFO org.springframework.boot.test.context.SpringBootTestContextBootstrapper -- Found @SpringBootConfiguration com.monify.MonifyApplication for test class com.monify.TransactionServiceTest

  .   ____          _            __ _ _
 /\\ / ___'_ __ _ _(_)_ __  __ _ \ \ \ \
( ( )\___ | '_ | '_| | '_ \/ _` | \ \ \ \
 \\/  ___)| |_)| | | | | || (_| |  ) ) ) )
  '  |____| .__|_| |_|_| |_\__, | / / / /
 =========|_|==============|___/=/_/_/_/
 :: Spring Boot ::                (v3.2.0)

2026-05-25T18:27:08.417-03:00  INFO 43972 --- [MONIFY - Sistema de OrganizaÃ§Ã£o Financeira] [           main] com.monify.TransactionServiceTest        : Starting TransactionServiceTest using Java 17.0.12 with PID 43972 (started by vinicius in C:\projetos facul\monify\Progama-o-WEB)
2026-05-25T18:27:08.417-03:00 DEBUG 43972 --- [MONIFY - Sistema de OrganizaÃ§Ã£o Financeira] [           main] com.monify.TransactionServiceTest        : Running with Spring Boot v3.2.0, Spring v6.1.1
2026-05-25T18:27:08.418-03:00  INFO 43972 --- [MONIFY - Sistema de OrganizaÃ§Ã£o Financeira] [           main] com.monify.TransactionServiceTest        : The following 1 profile is active: "test"
2026-05-25T18:27:09.496-03:00  WARN 43972 --- [MONIFY - Sistema de OrganizaÃ§Ã£o Financeira] [           main] org.hibernate.orm.deprecation            : HHH90000025: H2Dialect does not need to be specified explicitly using 'hibernate.dialect' (remove the property setting and it will be selected by default)
2026-05-25T18:27:09.985-03:00 DEBUG 43972 --- [MONIFY - Sistema de OrganizaÃ§Ã£o Financeira] [           main] org.hibernate.SQL                        : 
    drop table if exists accounts cascade 
2026-05-25T18:27:09.988-03:00 DEBUG 43972 --- [MONIFY - Sistema de OrganizaÃ§Ã£o Financeira] [           main] org.hibernate.SQL                        : 
    drop table if exists categories cascade 
2026-05-25T18:27:09.988-03:00 DEBUG 43972 --- [MONIFY - Sistema de OrganizaÃ§Ã£o Financeira] [           main] org.hibernate.SQL                        : 
    drop table if exists credit_cards cascade 
2026-05-25T18:27:09.988-03:00 DEBUG 43972 --- [MONIFY - Sistema de OrganizaÃ§Ã£o Financeira] [           main] org.hibernate.SQL                        : 
    drop table if exists spending_limits cascade 
2026-05-25T18:27:09.988-03:00 DEBUG 43972 --- [MONIFY - Sistema de OrganizaÃ§Ã£o Financeira] [           main] org.hibernate.SQL                        : 
    drop table if exists transactions cascade 
2026-05-25T18:27:09.989-03:00 DEBUG 43972 --- [MONIFY - Sistema de OrganizaÃ§Ã£o Financeira] [           main] org.hibernate.SQL                        : 
    drop table if exists users cascade 
2026-05-25T18:27:09.991-03:00 DEBUG 43972 --- [MONIFY - Sistema de OrganizaÃ§Ã£o Financeira] [           main] org.hibernate.SQL                        : 
    create table accounts (
        balance numeric(12,2) not null,
        created_at timestamp(6) not null,
        id bigint generated by default as identity,
        user_id bigint not null,
        name varchar(255) not null,
        type varchar(255) not null check (type in ('CHECKING','SAVINGS','CASH','INVESTMENT')),
        primary key (id),
        unique (user_id, name)
    )
2026-05-25T18:27:09.998-03:00 DEBUG 43972 --- [MONIFY - Sistema de OrganizaÃ§Ã£o Financeira] [           main] org.hibernate.SQL                        : 
    create table categories (
        id bigint generated by default as identity,
        color varchar(255),
        icon varchar(255),
        name varchar(255) not null unique,
        primary key (id)
    )
2026-05-25T18:27:09.999-03:00 DEBUG 43972 --- [MONIFY - Sistema de OrganizaÃ§Ã£o Financeira] [           main] org.hibernate.SQL                        : 
    create table credit_cards (
        last_four varchar(4) not null,
        limit_amount numeric(12,2) not null,
        created_at timestamp(6) not null,
        id bigint generated by default as identity,
        user_id bigint not null,
        brand varchar(255) not null,
        name varchar(255) not null,
        primary key (id),
        unique (user_id, name)
    )
2026-05-25T18:27:10.000-03:00 DEBUG 43972 --- [MONIFY - Sistema de OrganizaÃ§Ã£o Financeira] [           main] org.hibernate.SQL                        : 
    create table spending_limits (
        amount numeric(12,2) not null,
        reference_month varchar(7) not null,
        created_at timestamp(6) not null,
        id bigint generated by default as identity,
        updated_at timestamp(6),
        user_id bigint not null,
        category_key varchar(255) not null,
        category_name varchar(255) not null,
        limit_type varchar(255) check (limit_type in ('EXPENSE','INCOME')),
        primary key (id),
        unique (user_id, category_key, reference_month, limit_type)
    )
2026-05-25T18:27:10.001-03:00 DEBUG 43972 --- [MONIFY - Sistema de OrganizaÃ§Ã£o Financeira] [           main] org.hibernate.SQL                        : 
    create table transactions (
        amount numeric(38,2) not null,
        date date not null,
        category_id bigint not null,
        created_at timestamp(6) not null,
        id bigint generated by default as identity,
        updated_at timestamp(6),
        user_id bigint not null,
        description varchar(255) not null,
        type varchar(255) not null check (type in ('INCOME','EXPENSE')),
        primary key (id)
    )
2026-05-25T18:27:10.002-03:00 DEBUG 43972 --- [MONIFY - Sistema de OrganizaÃ§Ã£o Financeira] [           main] org.hibernate.SQL                        : 
    create table users (
        created_at timestamp(6) not null,
        id bigint generated by default as identity,
        updated_at timestamp(6),
        email varchar(255) not null unique,
        name varchar(255) not null,
        password varchar(255) not null,
        primary key (id)
    )
2026-05-25T18:27:10.003-03:00 DEBUG 43972 --- [MONIFY - Sistema de OrganizaÃ§Ã£o Financeira] [           main] org.hibernate.SQL                        : 
    alter table if exists accounts 
       add constraint FKnjuop33mo69pd79ctplkck40n 
       foreign key (user_id) 
       references users
2026-05-25T18:27:10.008-03:00 DEBUG 43972 --- [MONIFY - Sistema de OrganizaÃ§Ã£o Financeira] [           main] org.hibernate.SQL                        : 
    alter table if exists credit_cards 
       add constraint FKn1thfi0pev97g7g4oreo6g4yw 
       foreign key (user_id) 
       references users
2026-05-25T18:27:10.009-03:00 DEBUG 43972 --- [MONIFY - Sistema de OrganizaÃ§Ã£o Financeira] [           main] org.hibernate.SQL                        : 
    alter table if exists spending_limits 
       add constraint FK8vkw4gl3gj0retlxirgi3l24r 
       foreign key (user_id) 
       references users
2026-05-25T18:27:10.010-03:00 DEBUG 43972 --- [MONIFY - Sistema de OrganizaÃ§Ã£o Financeira] [           main] org.hibernate.SQL                        : 
    alter table if exists transactions 
       add constraint FKsqqi7sneo04kast0o138h19mv 
       foreign key (category_id) 
       references categories
2026-05-25T18:27:10.011-03:00 DEBUG 43972 --- [MONIFY - Sistema de OrganizaÃ§Ã£o Financeira] [           main] org.hibernate.SQL                        : 
    alter table if exists transactions 
       add constraint FKqwv7rmvc8va8rep7piikrojds 
       foreign key (user_id) 
       references users
2026-05-25T18:27:11.022-03:00  WARN 43972 --- [MONIFY - Sistema de OrganizaÃ§Ã£o Financeira] [           main] JpaBaseConfiguration$JpaWebConfiguration : spring.jpa.open-in-view is enabled by default. Therefore, database queries may be performed during view rendering. Explicitly configure spring.jpa.open-in-view to disable this warning
2026-05-25T18:27:11.368-03:00  INFO 43972 --- [MONIFY - Sistema de OrganizaÃ§Ã£o Financeira] [           main] com.monify.TransactionServiceTest        : Started TransactionServiceTest in 3.083 seconds (process running for 3.582)
2026-05-25T18:27:11.439-03:00 DEBUG 43972 --- [MONIFY - Sistema de OrganizaÃ§Ã£o Financeira] [           main] org.hibernate.SQL                        : 
    select
        count(*) 
    from
        categories c1_0
2026-05-25T18:27:11.480-03:00 DEBUG 43972 --- [MONIFY - Sistema de OrganizaÃ§Ã£o Financeira] [           main] org.hibernate.SQL                        : 
    insert 
    into
        categories
        (color, icon, name, id) 
    values
        (?, ?, ?, default)
2026-05-25T18:27:11.485-03:00 DEBUG 43972 --- [MONIFY - Sistema de OrganizaÃ§Ã£o Financeira] [           main] org.hibernate.SQL                        : 
    insert 
    into
        categories
        (color, icon, name, id) 
    values
        (?, ?, ?, default)
2026-05-25T18:27:11.486-03:00 DEBUG 43972 --- [MONIFY - Sistema de OrganizaÃ§Ã£o Financeira] [           main] org.hibernate.SQL                        : 
    insert 
    into
        categories
        (color, icon, name, id) 
    values
        (?, ?, ?, default)
2026-05-25T18:27:11.486-03:00 DEBUG 43972 --- [MONIFY - Sistema de OrganizaÃ§Ã£o Financeira] [           main] org.hibernate.SQL                        : 
    insert 
    into
        categories
        (color, icon, name, id) 
    values
        (?, ?, ?, default)
2026-05-25T18:27:11.487-03:00 DEBUG 43972 --- [MONIFY - Sistema de OrganizaÃ§Ã£o Financeira] [           main] org.hibernate.SQL                        : 
    insert 
    into
        categories
        (color, icon, name, id) 
    values
        (?, ?, ?, default)
2026-05-25T18:27:11.487-03:00 DEBUG 43972 --- [MONIFY - Sistema de OrganizaÃ§Ã£o Financeira] [           main] org.hibernate.SQL                        : 
    insert 
    into
        categories
        (color, icon, name, id) 
    values
        (?, ?, ?, default)
2026-05-25T18:27:11.488-03:00 DEBUG 43972 --- [MONIFY - Sistema de OrganizaÃ§Ã£o Financeira] [           main] org.hibernate.SQL                        : 
    insert 
    into
        categories
        (color, icon, name, id) 
    values
        (?, ?, ?, default)
2026-05-25T18:27:11.488-03:00 DEBUG 43972 --- [MONIFY - Sistema de OrganizaÃ§Ã£o Financeira] [           main] org.hibernate.SQL                        : 
    insert 
    into
        categories
        (color, icon, name, id) 
    values
        (?, ?, ?, default)
2026-05-25T18:27:11.489-03:00 DEBUG 43972 --- [MONIFY - Sistema de OrganizaÃ§Ã£o Financeira] [           main] org.hibernate.SQL                        : 
    insert 
    into
        categories
        (color, icon, name, id) 
    values
        (?, ?, ?, default)
2026-05-25T18:27:11.489-03:00 DEBUG 43972 --- [MONIFY - Sistema de OrganizaÃ§Ã£o Financeira] [           main] org.hibernate.SQL                        : 
    insert 
    into
        categories
        (color, icon, name, id) 
    values
        (?, ?, ?, default)
2026-05-25T18:27:11.490-03:00 DEBUG 43972 --- [MONIFY - Sistema de OrganizaÃ§Ã£o Financeira] [           main] org.hibernate.SQL                        : 
    insert 
    into
        categories
        (color, icon, name, id) 
    values
        (?, ?, ?, default)
2026-05-25T18:27:11.490-03:00 DEBUG 43972 --- [MONIFY - Sistema de OrganizaÃ§Ã£o Financeira] [           main] org.hibernate.SQL                        : 
    insert 
    into
        categories
        (color, icon, name, id) 
    values
        (?, ?, ?, default)
2026-05-25T18:27:11.744-03:00 DEBUG 43972 --- [MONIFY - Sistema de OrganizaÃ§Ã£o Financeira] [           main] org.hibernate.SQL                        : 
    select
        t1_0.id,
        t1_0.amount,
        t1_0.category_id,
        t1_0.created_at,
        t1_0.date,
        t1_0.description,
        t1_0.type,
        t1_0.updated_at,
        t1_0.user_id 
    from
        transactions t1_0
2026-05-25T18:27:11.746-03:00 DEBUG 43972 --- [MONIFY - Sistema de OrganizaÃ§Ã£o Financeira] [           main] org.hibernate.SQL                        : 
    select
        u1_0.id,
        u1_0.created_at,
        u1_0.email,
        u1_0.name,
        u1_0.password,
        u1_0.updated_at 
    from
        users u1_0
2026-05-25T18:27:11.747-03:00 DEBUG 43972 --- [MONIFY - Sistema de OrganizaÃ§Ã£o Financeira] [           main] org.hibernate.SQL                        : 
    select
        c1_0.id,
        c1_0.color,
        c1_0.icon,
        c1_0.name 
    from
        categories c1_0
2026-05-25T18:27:11.760-03:00 DEBUG 43972 --- [MONIFY - Sistema de OrganizaÃ§Ã£o Financeira] [           main] org.hibernate.SQL                        : 
    select
        t1_0.category_id,
        t1_0.id,
        t1_0.amount,
        t1_0.created_at,
        t1_0.date,
        t1_0.description,
        t1_0.type,
        t1_0.updated_at,
        t1_0.user_id 
    from
        transactions t1_0 
    where
        t1_0.category_id=?
2026-05-25T18:27:11.762-03:00 DEBUG 43972 --- [MONIFY - Sistema de OrganizaÃ§Ã£o Financeira] [           main] org.hibernate.SQL                        : 
    select
        t1_0.category_id,
        t1_0.id,
        t1_0.amount,
        t1_0.created_at,
        t1_0.date,
        t1_0.description,
        t1_0.type,
        t1_0.updated_at,
        t1_0.user_id 
    from
        transactions t1_0 
    where
        t1_0.category_id=?
2026-05-25T18:27:11.762-03:00 DEBUG 43972 --- [MONIFY - Sistema de OrganizaÃ§Ã£o Financeira] [           main] org.hibernate.SQL                        : 
    select
        t1_0.category_id,
        t1_0.id,
        t1_0.amount,
        t1_0.created_at,
        t1_0.date,
        t1_0.description,
        t1_0.type,
        t1_0.updated_at,
        t1_0.user_id 
    from
        transactions t1_0 
    where
        t1_0.category_id=?
2026-05-25T18:27:11.763-03:00 DEBUG 43972 --- [MONIFY - Sistema de OrganizaÃ§Ã£o Financeira] [           main] org.hibernate.SQL                        : 
    select
        t1_0.category_id,
        t1_0.id,
        t1_0.amount,
        t1_0.created_at,
        t1_0.date,
        t1_0.description,
        t1_0.type,
        t1_0.updated_at,
        t1_0.user_id 
    from
        transactions t1_0 
    where
        t1_0.category_id=?
2026-05-25T18:27:11.763-03:00 DEBUG 43972 --- [MONIFY - Sistema de OrganizaÃ§Ã£o Financeira] [           main] org.hibernate.SQL                        : 
    select
        t1_0.category_id,
        t1_0.id,
        t1_0.amount,
        t1_0.created_at,
        t1_0.date,
        t1_0.description,
        t1_0.type,
        t1_0.updated_at,
        t1_0.user_id 
    from
        transactions t1_0 
    where
        t1_0.category_id=?
2026-05-25T18:27:11.763-03:00 DEBUG 43972 --- [MONIFY - Sistema de OrganizaÃ§Ã£o Financeira] [           main] org.hibernate.SQL                        : 
    select
        t1_0.category_id,
        t1_0.id,
        t1_0.amount,
        t1_0.created_at,
        t1_0.date,
        t1_0.description,
        t1_0.type,
        t1_0.updated_at,
        t1_0.user_id 
    from
        transactions t1_0 
    where
        t1_0.category_id=?
2026-05-25T18:27:11.764-03:00 DEBUG 43972 --- [MONIFY - Sistema de OrganizaÃ§Ã£o Financeira] [           main] org.hibernate.SQL                        : 
    select
        t1_0.category_id,
        t1_0.id,
        t1_0.amount,
        t1_0.created_at,
        t1_0.date,
        t1_0.description,
        t1_0.type,
        t1_0.updated_at,
        t1_0.user_id 
    from
        transactions t1_0 
    where
        t1_0.category_id=?
2026-05-25T18:27:11.764-03:00 DEBUG 43972 --- [MONIFY - Sistema de OrganizaÃ§Ã£o Financeira] [           main] org.hibernate.SQL                        : 
    select
        t1_0.category_id,
        t1_0.id,
        t1_0.amount,
        t1_0.created_at,
        t1_0.date,
        t1_0.description,
        t1_0.type,
        t1_0.updated_at,
        t1_0.user_id 
    from
        transactions t1_0 
    where
        t1_0.category_id=?
2026-05-25T18:27:11.764-03:00 DEBUG 43972 --- [MONIFY - Sistema de OrganizaÃ§Ã£o Financeira] [           main] org.hibernate.SQL                        : 
    select
        t1_0.category_id,
        t1_0.id,
        t1_0.amount,
        t1_0.created_at,
        t1_0.date,
        t1_0.description,
        t1_0.type,
        t1_0.updated_at,
        t1_0.user_id 
    from
        transactions t1_0 
    where
        t1_0.category_id=?
2026-05-25T18:27:11.765-03:00 DEBUG 43972 --- [MONIFY - Sistema de OrganizaÃ§Ã£o Financeira] [           main] org.hibernate.SQL                        : 
    select
        t1_0.category_id,
        t1_0.id,
        t1_0.amount,
        t1_0.created_at,
        t1_0.date,
        t1_0.description,
        t1_0.type,
        t1_0.updated_at,
        t1_0.user_id 
    from
        transactions t1_0 
    where
        t1_0.category_id=?
2026-05-25T18:27:11.765-03:00 DEBUG 43972 --- [MONIFY - Sistema de OrganizaÃ§Ã£o Financeira] [           main] org.hibernate.SQL                        : 
    select
        t1_0.category_id,
        t1_0.id,
        t1_0.amount,
        t1_0.created_at,
        t1_0.date,
        t1_0.description,
        t1_0.type,
        t1_0.updated_at,
        t1_0.user_id 
    from
        transactions t1_0 
    where
        t1_0.category_id=?
2026-05-25T18:27:11.765-03:00 DEBUG 43972 --- [MONIFY - Sistema de OrganizaÃ§Ã£o Financeira] [           main] org.hibernate.SQL                        : 
    select
        t1_0.category_id,
        t1_0.id,
        t1_0.amount,
        t1_0.created_at,
        t1_0.date,
        t1_0.description,
        t1_0.type,
        t1_0.updated_at,
        t1_0.user_id 
    from
        transactions t1_0 
    where
        t1_0.category_id=?
2026-05-25T18:27:11.770-03:00 DEBUG 43972 --- [MONIFY - Sistema de OrganizaÃ§Ã£o Financeira] [           main] org.hibernate.SQL                        : 
    delete 
    from
        categories 
    where
        id=?
2026-05-25T18:27:11.770-03:00 DEBUG 43972 --- [MONIFY - Sistema de OrganizaÃ§Ã£o Financeira] [           main] org.hibernate.SQL                        : 
    delete 
    from
        categories 
    where
        id=?
2026-05-25T18:27:11.771-03:00 DEBUG 43972 --- [MONIFY - Sistema de OrganizaÃ§Ã£o Financeira] [           main] org.hibernate.SQL                        : 
    delete 
    from
        categories 
    where
        id=?
2026-05-25T18:27:11.771-03:00 DEBUG 43972 --- [MONIFY - Sistema de OrganizaÃ§Ã£o Financeira] [           main] org.hibernate.SQL                        : 
    delete 
    from
        categories 
    where
        id=?
2026-05-25T18:27:11.771-03:00 DEBUG 43972 --- [MONIFY - Sistema de OrganizaÃ§Ã£o Financeira] [           main] org.hibernate.SQL                        : 
    delete 
    from
        categories 
    where
        id=?
2026-05-25T18:27:11.771-03:00 DEBUG 43972 --- [MONIFY - Sistema de OrganizaÃ§Ã£o Financeira] [           main] org.hibernate.SQL                        : 
    delete 
    from
        categories 
    where
        id=?
2026-05-25T18:27:11.771-03:00 DEBUG 43972 --- [MONIFY - Sistema de OrganizaÃ§Ã£o Financeira] [           main] org.hibernate.SQL                        : 
    delete 
    from
        categories 
    where
        id=?
2026-05-25T18:27:11.771-03:00 DEBUG 43972 --- [MONIFY - Sistema de OrganizaÃ§Ã£o Financeira] [           main] org.hibernate.SQL                        : 
    delete 
    from
        categories 
    where
        id=?
2026-05-25T18:27:11.771-03:00 DEBUG 43972 --- [MONIFY - Sistema de OrganizaÃ§Ã£o Financeira] [           main] org.hibernate.SQL                        : 
    delete 
    from
        categories 
    where
        id=?
2026-05-25T18:27:11.772-03:00 DEBUG 43972 --- [MONIFY - Sistema de OrganizaÃ§Ã£o Financeira] [           main] org.hibernate.SQL                        : 
    delete 
    from
        categories 
    where
        id=?
2026-05-25T18:27:11.772-03:00 DEBUG 43972 --- [MONIFY - Sistema de OrganizaÃ§Ã£o Financeira] [           main] org.hibernate.SQL                        : 
    delete 
    from
        categories 
    where
        id=?
2026-05-25T18:27:11.772-03:00 DEBUG 43972 --- [MONIFY - Sistema de OrganizaÃ§Ã£o Financeira] [           main] org.hibernate.SQL                        : 
    delete 
    from
        categories 
    where
        id=?
2026-05-25T18:27:11.778-03:00 DEBUG 43972 --- [MONIFY - Sistema de OrganizaÃ§Ã£o Financeira] [           main] org.hibernate.SQL                        : 
    insert 
    into
        users
        (created_at, email, name, password, updated_at, id) 
    values
        (?, ?, ?, ?, ?, default)
2026-05-25T18:27:11.780-03:00 DEBUG 43972 --- [MONIFY - Sistema de OrganizaÃ§Ã£o Financeira] [           main] org.hibernate.SQL                        : 
    insert 
    into
        categories
        (color, icon, name, id) 
    values
        (?, ?, ?, default)
2026-05-25T18:27:11.784-03:00 DEBUG 43972 --- [MONIFY - Sistema de OrganizaÃ§Ã£o Financeira] [           main] org.hibernate.SQL                        : 
    select
        u1_0.id,
        u1_0.created_at,
        u1_0.email,
        u1_0.name,
        u1_0.password,
        u1_0.updated_at 
    from
        users u1_0 
    where
        u1_0.id=?
2026-05-25T18:27:11.786-03:00 DEBUG 43972 --- [MONIFY - Sistema de OrganizaÃ§Ã£o Financeira] [           main] org.hibernate.SQL                        : 
    select
        c1_0.id,
        c1_0.color,
        c1_0.icon,
        c1_0.name 
    from
        categories c1_0 
    where
        c1_0.id=?
2026-05-25T18:27:11.788-03:00 DEBUG 43972 --- [MONIFY - Sistema de OrganizaÃ§Ã£o Financeira] [           main] org.hibernate.SQL                        : 
    insert 
    into
        transactions
        (amount, category_id, created_at, date, description, type, updated_at, user_id, id) 
    values
        (?, ?, ?, ?, ?, ?, ?, ?, default)
2026-05-25T18:27:11.790-03:00 DEBUG 43972 --- [MONIFY - Sistema de OrganizaÃ§Ã£o Financeira] [           main] org.hibernate.SQL                        : 
    select
        t1_0.id,
        t1_0.amount,
        t1_0.category_id,
        t1_0.created_at,
        t1_0.date,
        t1_0.description,
        t1_0.type,
        t1_0.updated_at,
        t1_0.user_id 
    from
        transactions t1_0 
    where
        t1_0.id=?
2026-05-25T18:27:11.794-03:00 DEBUG 43972 --- [MONIFY - Sistema de OrganizaÃ§Ã£o Financeira] [           main] org.hibernate.SQL                        : 
    select
        c1_0.id,
        c1_0.color,
        c1_0.icon,
        c1_0.name 
    from
        categories c1_0 
    where
        c1_0.id=?
2026-05-25T18:27:11.799-03:00 DEBUG 43972 --- [MONIFY - Sistema de OrganizaÃ§Ã£o Financeira] [           main] org.hibernate.SQL                        : 
    update
        transactions 
    set
        amount=?,
        category_id=?,
        date=?,
        description=?,
        type=?,
        updated_at=?,
        user_id=? 
    where
        id=?
]]></system-out>
  </testcase>
  <testcase name="testGetTransactionsByType" classname="com.monify.TransactionServiceTest" time="0.028">
    <system-out><![CDATA[2026-05-25T18:27:11.810-03:00 DEBUG 43972 --- [MONIFY - Sistema de OrganizaÃ§Ã£o Financeira] [           main] org.hibernate.SQL                        : 
    select
        t1_0.id,
        t1_0.amount,
        t1_0.category_id,
        t1_0.created_at,
        t1_0.date,
        t1_0.description,
        t1_0.type,
        t1_0.updated_at,
        t1_0.user_id 
    from
        transactions t1_0
2026-05-25T18:27:11.811-03:00 DEBUG 43972 --- [MONIFY - Sistema de OrganizaÃ§Ã£o Financeira] [           main] org.hibernate.SQL                        : 
    delete 
    from
        transactions 
    where
        id=?
2026-05-25T18:27:11.812-03:00 DEBUG 43972 --- [MONIFY - Sistema de OrganizaÃ§Ã£o Financeira] [           main] org.hibernate.SQL                        : 
    select
        u1_0.id,
        u1_0.created_at,
        u1_0.email,
        u1_0.name,
        u1_0.password,
        u1_0.updated_at 
    from
        users u1_0
2026-05-25T18:27:11.813-03:00 DEBUG 43972 --- [MONIFY - Sistema de OrganizaÃ§Ã£o Financeira] [           main] org.hibernate.SQL                        : 
    select
        a1_0.user_id,
        a1_0.id,
        a1_0.balance,
        a1_0.created_at,
        a1_0.name,
        a1_0.type 
    from
        accounts a1_0 
    where
        a1_0.user_id=?
2026-05-25T18:27:11.814-03:00 DEBUG 43972 --- [MONIFY - Sistema de OrganizaÃ§Ã£o Financeira] [           main] org.hibernate.SQL                        : 
    select
        cc1_0.user_id,
        cc1_0.id,
        cc1_0.brand,
        cc1_0.created_at,
        cc1_0.last_four,
        cc1_0.limit_amount,
        cc1_0.name 
    from
        credit_cards cc1_0 
    where
        cc1_0.user_id=?
2026-05-25T18:27:11.814-03:00 DEBUG 43972 --- [MONIFY - Sistema de OrganizaÃ§Ã£o Financeira] [           main] org.hibernate.SQL                        : 
    select
        sl1_0.user_id,
        sl1_0.id,
        sl1_0.amount,
        sl1_0.category_key,
        sl1_0.category_name,
        sl1_0.created_at,
        sl1_0.limit_type,
        sl1_0.reference_month,
        sl1_0.updated_at 
    from
        spending_limits sl1_0 
    where
        sl1_0.user_id=?
2026-05-25T18:27:11.814-03:00 DEBUG 43972 --- [MONIFY - Sistema de OrganizaÃ§Ã£o Financeira] [           main] org.hibernate.SQL                        : 
    select
        t1_0.user_id,
        t1_0.id,
        t1_0.amount,
        t1_0.category_id,
        t1_0.created_at,
        t1_0.date,
        t1_0.description,
        t1_0.type,
        t1_0.updated_at 
    from
        transactions t1_0 
    where
        t1_0.user_id=?
2026-05-25T18:27:11.815-03:00 DEBUG 43972 --- [MONIFY - Sistema de OrganizaÃ§Ã£o Financeira] [           main] org.hibernate.SQL                        : 
    delete 
    from
        users 
    where
        id=?
2026-05-25T18:27:11.816-03:00 DEBUG 43972 --- [MONIFY - Sistema de OrganizaÃ§Ã£o Financeira] [           main] org.hibernate.SQL                        : 
    select
        c1_0.id,
        c1_0.color,
        c1_0.icon,
        c1_0.name 
    from
        categories c1_0
2026-05-25T18:27:11.816-03:00 DEBUG 43972 --- [MONIFY - Sistema de OrganizaÃ§Ã£o Financeira] [           main] org.hibernate.SQL                        : 
    select
        t1_0.category_id,
        t1_0.id,
        t1_0.amount,
        t1_0.created_at,
        t1_0.date,
        t1_0.description,
        t1_0.type,
        t1_0.updated_at,
        t1_0.user_id 
    from
        transactions t1_0 
    where
        t1_0.category_id=?
2026-05-25T18:27:11.816-03:00 DEBUG 43972 --- [MONIFY - Sistema de OrganizaÃ§Ã£o Financeira] [           main] org.hibernate.SQL                        : 
    delete 
    from
        categories 
    where
        id=?
2026-05-25T18:27:11.817-03:00 DEBUG 43972 --- [MONIFY - Sistema de OrganizaÃ§Ã£o Financeira] [           main] org.hibernate.SQL                        : 
    insert 
    into
        users
        (created_at, email, name, password, updated_at, id) 
    values
        (?, ?, ?, ?, ?, default)
2026-05-25T18:27:11.818-03:00 DEBUG 43972 --- [MONIFY - Sistema de OrganizaÃ§Ã£o Financeira] [           main] org.hibernate.SQL                        : 
    insert 
    into
        categories
        (color, icon, name, id) 
    values
        (?, ?, ?, default)
2026-05-25T18:27:11.819-03:00 DEBUG 43972 --- [MONIFY - Sistema de OrganizaÃ§Ã£o Financeira] [           main] org.hibernate.SQL                        : 
    select
        u1_0.id,
        u1_0.created_at,
        u1_0.email,
        u1_0.name,
        u1_0.password,
        u1_0.updated_at 
    from
        users u1_0 
    where
        u1_0.id=?
2026-05-25T18:27:11.820-03:00 DEBUG 43972 --- [MONIFY - Sistema de OrganizaÃ§Ã£o Financeira] [           main] org.hibernate.SQL                        : 
    select
        c1_0.id,
        c1_0.color,
        c1_0.icon,
        c1_0.name 
    from
        categories c1_0 
    where
        c1_0.id=?
2026-05-25T18:27:11.821-03:00 DEBUG 43972 --- [MONIFY - Sistema de OrganizaÃ§Ã£o Financeira] [           main] org.hibernate.SQL                        : 
    insert 
    into
        transactions
        (amount, category_id, created_at, date, description, type, updated_at, user_id, id) 
    values
        (?, ?, ?, ?, ?, ?, ?, ?, default)
2026-05-25T18:27:11.823-03:00 DEBUG 43972 --- [MONIFY - Sistema de OrganizaÃ§Ã£o Financeira] [           main] org.hibernate.SQL                        : 
    select
        u1_0.id,
        u1_0.created_at,
        u1_0.email,
        u1_0.name,
        u1_0.password,
        u1_0.updated_at 
    from
        users u1_0 
    where
        u1_0.id=?
2026-05-25T18:27:11.823-03:00 DEBUG 43972 --- [MONIFY - Sistema de OrganizaÃ§Ã£o Financeira] [           main] org.hibernate.SQL                        : 
    select
        c1_0.id,
        c1_0.color,
        c1_0.icon,
        c1_0.name 
    from
        categories c1_0 
    where
        c1_0.id=?
2026-05-25T18:27:11.824-03:00 DEBUG 43972 --- [MONIFY - Sistema de OrganizaÃ§Ã£o Financeira] [           main] org.hibernate.SQL                        : 
    insert 
    into
        transactions
        (amount, category_id, created_at, date, description, type, updated_at, user_id, id) 
    values
        (?, ?, ?, ?, ?, ?, ?, ?, default)
2026-05-25T18:27:11.825-03:00 DEBUG 43972 --- [MONIFY - Sistema de OrganizaÃ§Ã£o Financeira] [           main] org.hibernate.SQL                        : 
    select
        u1_0.id,
        u1_0.created_at,
        u1_0.email,
        u1_0.name,
        u1_0.password,
        u1_0.updated_at 
    from
        users u1_0 
    where
        u1_0.id=?
2026-05-25T18:27:11.833-03:00 DEBUG 43972 --- [MONIFY - Sistema de OrganizaÃ§Ã£o Financeira] [           main] org.hibernate.SQL                        : 
    select
        t1_0.id,
        t1_0.amount,
        t1_0.category_id,
        t1_0.created_at,
        t1_0.date,
        t1_0.description,
        t1_0.type,
        t1_0.updated_at,
        t1_0.user_id 
    from
        transactions t1_0 
    where
        t1_0.user_id=? 
        and t1_0.type=?
2026-05-25T18:27:11.835-03:00 DEBUG 43972 --- [MONIFY - Sistema de OrganizaÃ§Ã£o Financeira] [           main] org.hibernate.SQL                        : 
    select
        c1_0.id,
        c1_0.color,
        c1_0.icon,
        c1_0.name 
    from
        categories c1_0 
    where
        c1_0.id=?
]]></system-out>
  </testcase>
  <testcase name="testGetTransactionsByUserId" classname="com.monify.TransactionServiceTest" time="0.017">
    <system-out><![CDATA[2026-05-25T18:27:11.838-03:00 DEBUG 43972 --- [MONIFY - Sistema de OrganizaÃ§Ã£o Financeira] [           main] org.hibernate.SQL                        : 
    select
        t1_0.id,
        t1_0.amount,
        t1_0.category_id,
        t1_0.created_at,
        t1_0.date,
        t1_0.description,
        t1_0.type,
        t1_0.updated_at,
        t1_0.user_id 
    from
        transactions t1_0
2026-05-25T18:27:11.840-03:00 DEBUG 43972 --- [MONIFY - Sistema de OrganizaÃ§Ã£o Financeira] [           main] org.hibernate.SQL                        : 
    delete 
    from
        transactions 
    where
        id=?
2026-05-25T18:27:11.840-03:00 DEBUG 43972 --- [MONIFY - Sistema de OrganizaÃ§Ã£o Financeira] [           main] org.hibernate.SQL                        : 
    delete 
    from
        transactions 
    where
        id=?
2026-05-25T18:27:11.842-03:00 DEBUG 43972 --- [MONIFY - Sistema de OrganizaÃ§Ã£o Financeira] [           main] org.hibernate.SQL                        : 
    select
        u1_0.id,
        u1_0.created_at,
        u1_0.email,
        u1_0.name,
        u1_0.password,
        u1_0.updated_at 
    from
        users u1_0
2026-05-25T18:27:11.842-03:00 DEBUG 43972 --- [MONIFY - Sistema de OrganizaÃ§Ã£o Financeira] [           main] org.hibernate.SQL                        : 
    select
        a1_0.user_id,
        a1_0.id,
        a1_0.balance,
        a1_0.created_at,
        a1_0.name,
        a1_0.type 
    from
        accounts a1_0 
    where
        a1_0.user_id=?
2026-05-25T18:27:11.843-03:00 DEBUG 43972 --- [MONIFY - Sistema de OrganizaÃ§Ã£o Financeira] [           main] org.hibernate.SQL                        : 
    select
        cc1_0.user_id,
        cc1_0.id,
        cc1_0.brand,
        cc1_0.created_at,
        cc1_0.last_four,
        cc1_0.limit_amount,
        cc1_0.name 
    from
        credit_cards cc1_0 
    where
        cc1_0.user_id=?
2026-05-25T18:27:11.843-03:00 DEBUG 43972 --- [MONIFY - Sistema de OrganizaÃ§Ã£o Financeira] [           main] org.hibernate.SQL                        : 
    select
        sl1_0.user_id,
        sl1_0.id,
        sl1_0.amount,
        sl1_0.category_key,
        sl1_0.category_name,
        sl1_0.created_at,
        sl1_0.limit_type,
        sl1_0.reference_month,
        sl1_0.updated_at 
    from
        spending_limits sl1_0 
    where
        sl1_0.user_id=?
2026-05-25T18:27:11.843-03:00 DEBUG 43972 --- [MONIFY - Sistema de OrganizaÃ§Ã£o Financeira] [           main] org.hibernate.SQL                        : 
    select
        t1_0.user_id,
        t1_0.id,
        t1_0.amount,
        t1_0.category_id,
        t1_0.created_at,
        t1_0.date,
        t1_0.description,
        t1_0.type,
        t1_0.updated_at 
    from
        transactions t1_0 
    where
        t1_0.user_id=?
2026-05-25T18:27:11.843-03:00 DEBUG 43972 --- [MONIFY - Sistema de OrganizaÃ§Ã£o Financeira] [           main] org.hibernate.SQL                        : 
    delete 
    from
        users 
    where
        id=?
2026-05-25T18:27:11.844-03:00 DEBUG 43972 --- [MONIFY - Sistema de OrganizaÃ§Ã£o Financeira] [           main] org.hibernate.SQL                        : 
    select
        c1_0.id,
        c1_0.color,
        c1_0.icon,
        c1_0.name 
    from
        categories c1_0
2026-05-25T18:27:11.845-03:00 DEBUG 43972 --- [MONIFY - Sistema de OrganizaÃ§Ã£o Financeira] [           main] org.hibernate.SQL                        : 
    select
        t1_0.category_id,
        t1_0.id,
        t1_0.amount,
        t1_0.created_at,
        t1_0.date,
        t1_0.description,
        t1_0.type,
        t1_0.updated_at,
        t1_0.user_id 
    from
        transactions t1_0 
    where
        t1_0.category_id=?
2026-05-25T18:27:11.845-03:00 DEBUG 43972 --- [MONIFY - Sistema de OrganizaÃ§Ã£o Financeira] [           main] org.hibernate.SQL                        : 
    delete 
    from
        categories 
    where
        id=?
2026-05-25T18:27:11.846-03:00 DEBUG 43972 --- [MONIFY - Sistema de OrganizaÃ§Ã£o Financeira] [           main] org.hibernate.SQL                        : 
    insert 
    into
        users
        (created_at, email, name, password, updated_at, id) 
    values
        (?, ?, ?, ?, ?, default)
2026-05-25T18:27:11.846-03:00 DEBUG 43972 --- [MONIFY - Sistema de OrganizaÃ§Ã£o Financeira] [           main] org.hibernate.SQL                        : 
    insert 
    into
        categories
        (color, icon, name, id) 
    values
        (?, ?, ?, default)
2026-05-25T18:27:11.847-03:00 DEBUG 43972 --- [MONIFY - Sistema de OrganizaÃ§Ã£o Financeira] [           main] org.hibernate.SQL                        : 
    select
        u1_0.id,
        u1_0.created_at,
        u1_0.email,
        u1_0.name,
        u1_0.password,
        u1_0.updated_at 
    from
        users u1_0 
    where
        u1_0.id=?
2026-05-25T18:27:11.847-03:00 DEBUG 43972 --- [MONIFY - Sistema de OrganizaÃ§Ã£o Financeira] [           main] org.hibernate.SQL                        : 
    select
        c1_0.id,
        c1_0.color,
        c1_0.icon,
        c1_0.name 
    from
        categories c1_0 
    where
        c1_0.id=?
2026-05-25T18:27:11.849-03:00 DEBUG 43972 --- [MONIFY - Sistema de OrganizaÃ§Ã£o Financeira] [           main] org.hibernate.SQL                        : 
    insert 
    into
        transactions
        (amount, category_id, created_at, date, description, type, updated_at, user_id, id) 
    values
        (?, ?, ?, ?, ?, ?, ?, ?, default)
2026-05-25T18:27:11.850-03:00 DEBUG 43972 --- [MONIFY - Sistema de OrganizaÃ§Ã£o Financeira] [           main] org.hibernate.SQL                        : 
    select
        u1_0.id,
        u1_0.created_at,
        u1_0.email,
        u1_0.name,
        u1_0.password,
        u1_0.updated_at 
    from
        users u1_0 
    where
        u1_0.id=?
2026-05-25T18:27:11.852-03:00 DEBUG 43972 --- [MONIFY - Sistema de OrganizaÃ§Ã£o Financeira] [           main] org.hibernate.SQL                        : 
    select
        t1_0.id,
        t1_0.amount,
        t1_0.category_id,
        t1_0.created_at,
        t1_0.date,
        t1_0.description,
        t1_0.type,
        t1_0.updated_at,
        t1_0.user_id 
    from
        transactions t1_0 
    where
        t1_0.user_id=? 
    order by
        t1_0.date desc
2026-05-25T18:27:11.853-03:00 DEBUG 43972 --- [MONIFY - Sistema de OrganizaÃ§Ã£o Financeira] [           main] org.hibernate.SQL                        : 
    select
        c1_0.id,
        c1_0.color,
        c1_0.icon,
        c1_0.name 
    from
        categories c1_0 
    where
        c1_0.id=?
]]></system-out>
  </testcase>
  <testcase name="testDeleteTransaction" classname="com.monify.TransactionServiceTest" time="0.014">
    <system-out><![CDATA[2026-05-25T18:27:11.856-03:00 DEBUG 43972 --- [MONIFY - Sistema de OrganizaÃ§Ã£o Financeira] [           main] org.hibernate.SQL                        : 
    select
        t1_0.id,
        t1_0.amount,
        t1_0.category_id,
        t1_0.created_at,
        t1_0.date,
        t1_0.description,
        t1_0.type,
        t1_0.updated_at,
        t1_0.user_id 
    from
        transactions t1_0
2026-05-25T18:27:11.857-03:00 DEBUG 43972 --- [MONIFY - Sistema de OrganizaÃ§Ã£o Financeira] [           main] org.hibernate.SQL                        : 
    delete 
    from
        transactions 
    where
        id=?
2026-05-25T18:27:11.858-03:00 DEBUG 43972 --- [MONIFY - Sistema de OrganizaÃ§Ã£o Financeira] [           main] org.hibernate.SQL                        : 
    select
        u1_0.id,
        u1_0.created_at,
        u1_0.email,
        u1_0.name,
        u1_0.password,
        u1_0.updated_at 
    from
        users u1_0
2026-05-25T18:27:11.858-03:00 DEBUG 43972 --- [MONIFY - Sistema de OrganizaÃ§Ã£o Financeira] [           main] org.hibernate.SQL                        : 
    select
        a1_0.user_id,
        a1_0.id,
        a1_0.balance,
        a1_0.created_at,
        a1_0.name,
        a1_0.type 
    from
        accounts a1_0 
    where
        a1_0.user_id=?
2026-05-25T18:27:11.859-03:00 DEBUG 43972 --- [MONIFY - Sistema de OrganizaÃ§Ã£o Financeira] [           main] org.hibernate.SQL                        : 
    select
        cc1_0.user_id,
        cc1_0.id,
        cc1_0.brand,
        cc1_0.created_at,
        cc1_0.last_four,
        cc1_0.limit_amount,
        cc1_0.name 
    from
        credit_cards cc1_0 
    where
        cc1_0.user_id=?
2026-05-25T18:27:11.859-03:00 DEBUG 43972 --- [MONIFY - Sistema de OrganizaÃ§Ã£o Financeira] [           main] org.hibernate.SQL                        : 
    select
        sl1_0.user_id,
        sl1_0.id,
        sl1_0.amount,
        sl1_0.category_key,
        sl1_0.category_name,
        sl1_0.created_at,
        sl1_0.limit_type,
        sl1_0.reference_month,
        sl1_0.updated_at 
    from
        spending_limits sl1_0 
    where
        sl1_0.user_id=?
2026-05-25T18:27:11.859-03:00 DEBUG 43972 --- [MONIFY - Sistema de OrganizaÃ§Ã£o Financeira] [           main] org.hibernate.SQL                        : 
    select
        t1_0.user_id,
        t1_0.id,
        t1_0.amount,
        t1_0.category_id,
        t1_0.created_at,
        t1_0.date,
        t1_0.description,
        t1_0.type,
        t1_0.updated_at 
    from
        transactions t1_0 
    where
        t1_0.user_id=?
2026-05-25T18:27:11.860-03:00 DEBUG 43972 --- [MONIFY - Sistema de OrganizaÃ§Ã£o Financeira] [           main] org.hibernate.SQL                        : 
    delete 
    from
        users 
    where
        id=?
2026-05-25T18:27:11.860-03:00 DEBUG 43972 --- [MONIFY - Sistema de OrganizaÃ§Ã£o Financeira] [           main] org.hibernate.SQL                        : 
    select
        c1_0.id,
        c1_0.color,
        c1_0.icon,
        c1_0.name 
    from
        categories c1_0
2026-05-25T18:27:11.861-03:00 DEBUG 43972 --- [MONIFY - Sistema de OrganizaÃ§Ã£o Financeira] [           main] org.hibernate.SQL                        : 
    select
        t1_0.category_id,
        t1_0.id,
        t1_0.amount,
        t1_0.created_at,
        t1_0.date,
        t1_0.description,
        t1_0.type,
        t1_0.updated_at,
        t1_0.user_id 
    from
        transactions t1_0 
    where
        t1_0.category_id=?
2026-05-25T18:27:11.861-03:00 DEBUG 43972 --- [MONIFY - Sistema de OrganizaÃ§Ã£o Financeira] [           main] org.hibernate.SQL                        : 
    delete 
    from
        categories 
    where
        id=?
2026-05-25T18:27:11.862-03:00 DEBUG 43972 --- [MONIFY - Sistema de OrganizaÃ§Ã£o Financeira] [           main] org.hibernate.SQL                        : 
    insert 
    into
        users
        (created_at, email, name, password, updated_at, id) 
    values
        (?, ?, ?, ?, ?, default)
2026-05-25T18:27:11.862-03:00 DEBUG 43972 --- [MONIFY - Sistema de OrganizaÃ§Ã£o Financeira] [           main] org.hibernate.SQL                        : 
    insert 
    into
        categories
        (color, icon, name, id) 
    values
        (?, ?, ?, default)
2026-05-25T18:27:11.863-03:00 DEBUG 43972 --- [MONIFY - Sistema de OrganizaÃ§Ã£o Financeira] [           main] org.hibernate.SQL                        : 
    select
        u1_0.id,
        u1_0.created_at,
        u1_0.email,
        u1_0.name,
        u1_0.password,
        u1_0.updated_at 
    from
        users u1_0 
    where
        u1_0.id=?
2026-05-25T18:27:11.864-03:00 DEBUG 43972 --- [MONIFY - Sistema de OrganizaÃ§Ã£o Financeira] [           main] org.hibernate.SQL                        : 
    select
        c1_0.id,
        c1_0.color,
        c1_0.icon,
        c1_0.name 
    from
        categories c1_0 
    where
        c1_0.id=?
2026-05-25T18:27:11.864-03:00 DEBUG 43972 --- [MONIFY - Sistema de OrganizaÃ§Ã£o Financeira] [           main] org.hibernate.SQL                        : 
    insert 
    into
        transactions
        (amount, category_id, created_at, date, description, type, updated_at, user_id, id) 
    values
        (?, ?, ?, ?, ?, ?, ?, ?, default)
2026-05-25T18:27:11.865-03:00 DEBUG 43972 --- [MONIFY - Sistema de OrganizaÃ§Ã£o Financeira] [           main] org.hibernate.SQL                        : 
    select
        t1_0.id,
        t1_0.amount,
        t1_0.category_id,
        t1_0.created_at,
        t1_0.date,
        t1_0.description,
        t1_0.type,
        t1_0.updated_at,
        t1_0.user_id 
    from
        transactions t1_0 
    where
        t1_0.id=?
2026-05-25T18:27:11.866-03:00 DEBUG 43972 --- [MONIFY - Sistema de OrganizaÃ§Ã£o Financeira] [           main] org.hibernate.SQL                        : 
    delete 
    from
        transactions 
    where
        id=?
2026-05-25T18:27:11.868-03:00 DEBUG 43972 --- [MONIFY - Sistema de OrganizaÃ§Ã£o Financeira] [           main] org.hibernate.SQL                        : 
    select
        t1_0.id,
        t1_0.amount,
        t1_0.category_id,
        t1_0.created_at,
        t1_0.date,
        t1_0.description,
        t1_0.type,
        t1_0.updated_at,
        t1_0.user_id 
    from
        transactions t1_0 
    where
        t1_0.id=?
]]></system-out>
  </testcase>
  <testcase name="testCreateTransaction" classname="com.monify.TransactionServiceTest" time="0.012">
    <system-out><![CDATA[2026-05-25T18:27:11.871-03:00 DEBUG 43972 --- [MONIFY - Sistema de OrganizaÃ§Ã£o Financeira] [           main] org.hibernate.SQL                        : 
    select
        t1_0.id,
        t1_0.amount,
        t1_0.category_id,
        t1_0.created_at,
        t1_0.date,
        t1_0.description,
        t1_0.type,
        t1_0.updated_at,
        t1_0.user_id 
    from
        transactions t1_0
2026-05-25T18:27:11.872-03:00 DEBUG 43972 --- [MONIFY - Sistema de OrganizaÃ§Ã£o Financeira] [           main] org.hibernate.SQL                        : 
    select
        u1_0.id,
        u1_0.created_at,
        u1_0.email,
        u1_0.name,
        u1_0.password,
        u1_0.updated_at 
    from
        users u1_0
2026-05-25T18:27:11.872-03:00 DEBUG 43972 --- [MONIFY - Sistema de OrganizaÃ§Ã£o Financeira] [           main] org.hibernate.SQL                        : 
    select
        a1_0.user_id,
        a1_0.id,
        a1_0.balance,
        a1_0.created_at,
        a1_0.name,
        a1_0.type 
    from
        accounts a1_0 
    where
        a1_0.user_id=?
2026-05-25T18:27:11.873-03:00 DEBUG 43972 --- [MONIFY - Sistema de OrganizaÃ§Ã£o Financeira] [           main] org.hibernate.SQL                        : 
    select
        cc1_0.user_id,
        cc1_0.id,
        cc1_0.brand,
        cc1_0.created_at,
        cc1_0.last_four,
        cc1_0.limit_amount,
        cc1_0.name 
    from
        credit_cards cc1_0 
    where
        cc1_0.user_id=?
2026-05-25T18:27:11.873-03:00 DEBUG 43972 --- [MONIFY - Sistema de OrganizaÃ§Ã£o Financeira] [           main] org.hibernate.SQL                        : 
    select
        sl1_0.user_id,
        sl1_0.id,
        sl1_0.amount,
        sl1_0.category_key,
        sl1_0.category_name,
        sl1_0.created_at,
        sl1_0.limit_type,
        sl1_0.reference_month,
        sl1_0.updated_at 
    from
        spending_limits sl1_0 
    where
        sl1_0.user_id=?
2026-05-25T18:27:11.873-03:00 DEBUG 43972 --- [MONIFY - Sistema de OrganizaÃ§Ã£o Financeira] [           main] org.hibernate.SQL                        : 
    select
        t1_0.user_id,
        t1_0.id,
        t1_0.amount,
        t1_0.category_id,
        t1_0.created_at,
        t1_0.date,
        t1_0.description,
        t1_0.type,
        t1_0.updated_at 
    from
        transactions t1_0 
    where
        t1_0.user_id=?
2026-05-25T18:27:11.874-03:00 DEBUG 43972 --- [MONIFY - Sistema de OrganizaÃ§Ã£o Financeira] [           main] org.hibernate.SQL                        : 
    delete 
    from
        users 
    where
        id=?
2026-05-25T18:27:11.874-03:00 DEBUG 43972 --- [MONIFY - Sistema de OrganizaÃ§Ã£o Financeira] [           main] org.hibernate.SQL                        : 
    select
        c1_0.id,
        c1_0.color,
        c1_0.icon,
        c1_0.name 
    from
        categories c1_0
2026-05-25T18:27:11.875-03:00 DEBUG 43972 --- [MONIFY - Sistema de OrganizaÃ§Ã£o Financeira] [           main] org.hibernate.SQL                        : 
    select
        t1_0.category_id,
        t1_0.id,
        t1_0.amount,
        t1_0.created_at,
        t1_0.date,
        t1_0.description,
        t1_0.type,
        t1_0.updated_at,
        t1_0.user_id 
    from
        transactions t1_0 
    where
        t1_0.category_id=?
2026-05-25T18:27:11.875-03:00 DEBUG 43972 --- [MONIFY - Sistema de OrganizaÃ§Ã£o Financeira] [           main] org.hibernate.SQL                        : 
    delete 
    from
        categories 
    where
        id=?
2026-05-25T18:27:11.876-03:00 DEBUG 43972 --- [MONIFY - Sistema de OrganizaÃ§Ã£o Financeira] [           main] org.hibernate.SQL                        : 
    insert 
    into
        users
        (created_at, email, name, password, updated_at, id) 
    values
        (?, ?, ?, ?, ?, default)
2026-05-25T18:27:11.877-03:00 DEBUG 43972 --- [MONIFY - Sistema de OrganizaÃ§Ã£o Financeira] [           main] org.hibernate.SQL                        : 
    insert 
    into
        categories
        (color, icon, name, id) 
    values
        (?, ?, ?, default)
2026-05-25T18:27:11.877-03:00 DEBUG 43972 --- [MONIFY - Sistema de OrganizaÃ§Ã£o Financeira] [           main] org.hibernate.SQL                        : 
    select
        u1_0.id,
        u1_0.created_at,
        u1_0.email,
        u1_0.name,
        u1_0.password,
        u1_0.updated_at 
    from
        users u1_0 
    where
        u1_0.id=?
2026-05-25T18:27:11.879-03:00 DEBUG 43972 --- [MONIFY - Sistema de OrganizaÃ§Ã£o Financeira] [           main] org.hibernate.SQL                        : 
    select
        c1_0.id,
        c1_0.color,
        c1_0.icon,
        c1_0.name 
    from
        categories c1_0 
    where
        c1_0.id=?
2026-05-25T18:27:11.879-03:00 DEBUG 43972 --- [MONIFY - Sistema de OrganizaÃ§Ã£o Financeira] [           main] org.hibernate.SQL                        : 
    insert 
    into
        transactions
        (amount, category_id, created_at, date, description, type, updated_at, user_id, id) 
    values
        (?, ?, ?, ?, ?, ?, ?, ?, default)
]]></system-out>
  </testcase>
  <testcase name="testGetFinancialSummary" classname="com.monify.TransactionServiceTest" time="0.024">
    <system-out><![CDATA[2026-05-25T18:27:11.882-03:00 DEBUG 43972 --- [MONIFY - Sistema de OrganizaÃ§Ã£o Financeira] [           main] org.hibernate.SQL                        : 
    select
        t1_0.id,
        t1_0.amount,
        t1_0.category_id,
        t1_0.created_at,
        t1_0.date,
        t1_0.description,
        t1_0.type,
        t1_0.updated_at,
        t1_0.user_id 
    from
        transactions t1_0
2026-05-25T18:27:11.883-03:00 DEBUG 43972 --- [MONIFY - Sistema de OrganizaÃ§Ã£o Financeira] [           main] org.hibernate.SQL                        : 
    delete 
    from
        transactions 
    where
        id=?
2026-05-25T18:27:11.884-03:00 DEBUG 43972 --- [MONIFY - Sistema de OrganizaÃ§Ã£o Financeira] [           main] org.hibernate.SQL                        : 
    select
        u1_0.id,
        u1_0.created_at,
        u1_0.email,
        u1_0.name,
        u1_0.password,
        u1_0.updated_at 
    from
        users u1_0
2026-05-25T18:27:11.885-03:00 DEBUG 43972 --- [MONIFY - Sistema de OrganizaÃ§Ã£o Financeira] [           main] org.hibernate.SQL                        : 
    select
        a1_0.user_id,
        a1_0.id,
        a1_0.balance,
        a1_0.created_at,
        a1_0.name,
        a1_0.type 
    from
        accounts a1_0 
    where
        a1_0.user_id=?
2026-05-25T18:27:11.885-03:00 DEBUG 43972 --- [MONIFY - Sistema de OrganizaÃ§Ã£o Financeira] [           main] org.hibernate.SQL                        : 
    select
        cc1_0.user_id,
        cc1_0.id,
        cc1_0.brand,
        cc1_0.created_at,
        cc1_0.last_four,
        cc1_0.limit_amount,
        cc1_0.name 
    from
        credit_cards cc1_0 
    where
        cc1_0.user_id=?
2026-05-25T18:27:11.885-03:00 DEBUG 43972 --- [MONIFY - Sistema de OrganizaÃ§Ã£o Financeira] [           main] org.hibernate.SQL                        : 
    select
        sl1_0.user_id,
        sl1_0.id,
        sl1_0.amount,
        sl1_0.category_key,
        sl1_0.category_name,
        sl1_0.created_at,
        sl1_0.limit_type,
        sl1_0.reference_month,
        sl1_0.updated_at 
    from
        spending_limits sl1_0 
    where
        sl1_0.user_id=?
2026-05-25T18:27:11.885-03:00 DEBUG 43972 --- [MONIFY - Sistema de OrganizaÃ§Ã£o Financeira] [           main] org.hibernate.SQL                        : 
    select
        t1_0.user_id,
        t1_0.id,
        t1_0.amount,
        t1_0.category_id,
        t1_0.created_at,
        t1_0.date,
        t1_0.description,
        t1_0.type,
        t1_0.updated_at 
    from
        transactions t1_0 
    where
        t1_0.user_id=?
2026-05-25T18:27:11.886-03:00 DEBUG 43972 --- [MONIFY - Sistema de OrganizaÃ§Ã£o Financeira] [           main] org.hibernate.SQL                        : 
    delete 
    from
        users 
    where
        id=?
2026-05-25T18:27:11.887-03:00 DEBUG 43972 --- [MONIFY - Sistema de OrganizaÃ§Ã£o Financeira] [           main] org.hibernate.SQL                        : 
    select
        c1_0.id,
        c1_0.color,
        c1_0.icon,
        c1_0.name 
    from
        categories c1_0
2026-05-25T18:27:11.887-03:00 DEBUG 43972 --- [MONIFY - Sistema de OrganizaÃ§Ã£o Financeira] [           main] org.hibernate.SQL                        : 
    select
        t1_0.category_id,
        t1_0.id,
        t1_0.amount,
        t1_0.created_at,
        t1_0.date,
        t1_0.description,
        t1_0.type,
        t1_0.updated_at,
        t1_0.user_id 
    from
        transactions t1_0 
    where
        t1_0.category_id=?
2026-05-25T18:27:11.887-03:00 DEBUG 43972 --- [MONIFY - Sistema de OrganizaÃ§Ã£o Financeira] [           main] org.hibernate.SQL                        : 
    delete 
    from
        categories 
    where
        id=?
2026-05-25T18:27:11.888-03:00 DEBUG 43972 --- [MONIFY - Sistema de OrganizaÃ§Ã£o Financeira] [           main] org.hibernate.SQL                        : 
    insert 
    into
        users
        (created_at, email, name, password, updated_at, id) 
    values
        (?, ?, ?, ?, ?, default)
2026-05-25T18:27:11.888-03:00 DEBUG 43972 --- [MONIFY - Sistema de OrganizaÃ§Ã£o Financeira] [           main] org.hibernate.SQL                        : 
    insert 
    into
        categories
        (color, icon, name, id) 
    values
        (?, ?, ?, default)
2026-05-25T18:27:11.889-03:00 DEBUG 43972 --- [MONIFY - Sistema de OrganizaÃ§Ã£o Financeira] [           main] org.hibernate.SQL                        : 
    select
        u1_0.id,
        u1_0.created_at,
        u1_0.email,
        u1_0.name,
        u1_0.password,
        u1_0.updated_at 
    from
        users u1_0 
    where
        u1_0.id=?
2026-05-25T18:27:11.890-03:00 DEBUG 43972 --- [MONIFY - Sistema de OrganizaÃ§Ã£o Financeira] [           main] org.hibernate.SQL                        : 
    select
        c1_0.id,
        c1_0.color,
        c1_0.icon,
        c1_0.name 
    from
        categories c1_0 
    where
        c1_0.id=?
2026-05-25T18:27:11.890-03:00 DEBUG 43972 --- [MONIFY - Sistema de OrganizaÃ§Ã£o Financeira] [           main] org.hibernate.SQL                        : 
    insert 
    into
        transactions
        (amount, category_id, created_at, date, description, type, updated_at, user_id, id) 
    values
        (?, ?, ?, ?, ?, ?, ?, ?, default)
2026-05-25T18:27:11.891-03:00 DEBUG 43972 --- [MONIFY - Sistema de OrganizaÃ§Ã£o Financeira] [           main] org.hibernate.SQL                        : 
    select
        u1_0.id,
        u1_0.created_at,
        u1_0.email,
        u1_0.name,
        u1_0.password,
        u1_0.updated_at 
    from
        users u1_0 
    where
        u1_0.id=?
2026-05-25T18:27:11.892-03:00 DEBUG 43972 --- [MONIFY - Sistema de OrganizaÃ§Ã£o Financeira] [           main] org.hibernate.SQL                        : 
    select
        c1_0.id,
        c1_0.color,
        c1_0.icon,
        c1_0.name 
    from
        categories c1_0 
    where
        c1_0.id=?
2026-05-25T18:27:11.892-03:00 DEBUG 43972 --- [MONIFY - Sistema de OrganizaÃ§Ã£o Financeira] [           main] org.hibernate.SQL                        : 
    insert 
    into
        transactions
        (amount, category_id, created_at, date, description, type, updated_at, user_id, id) 
    values
        (?, ?, ?, ?, ?, ?, ?, ?, default)
2026-05-25T18:27:11.893-03:00 DEBUG 43972 --- [MONIFY - Sistema de OrganizaÃ§Ã£o Financeira] [           main] org.hibernate.SQL                        : 
    select
        u1_0.id,
        u1_0.created_at,
        u1_0.email,
        u1_0.name,
        u1_0.password,
        u1_0.updated_at 
    from
        users u1_0 
    where
        u1_0.id=?
2026-05-25T18:27:11.896-03:00 DEBUG 43972 --- [MONIFY - Sistema de OrganizaÃ§Ã£o Financeira] [           main] org.hibernate.SQL                        : 
    select
        sum(t1_0.amount) 
    from
        transactions t1_0 
    where
        t1_0.user_id=? 
        and t1_0.type='INCOME'
2026-05-25T18:27:11.899-03:00 DEBUG 43972 --- [MONIFY - Sistema de OrganizaÃ§Ã£o Financeira] [           main] org.hibernate.SQL                        : 
    select
        sum(t1_0.amount) 
    from
        transactions t1_0 
    where
        t1_0.user_id=? 
        and t1_0.type='EXPENSE'
2026-05-25T18:27:11.900-03:00 DEBUG 43972 --- [MONIFY - Sistema de OrganizaÃ§Ã£o Financeira] [           main] org.hibernate.SQL                        : 
    select
        count(t1_0.id) 
    from
        transactions t1_0 
    where
        t1_0.user_id=?
2026-05-25T18:27:11.902-03:00 DEBUG 43972 --- [MONIFY - Sistema de OrganizaÃ§Ã£o Financeira] [           main] org.hibernate.SQL                        : 
    select
        c1_0.name,
        sum(t1_0.amount) 
    from
        transactions t1_0 
    join
        categories c1_0 
            on c1_0.id=t1_0.category_id 
    where
        t1_0.user_id=? 
        and t1_0.type='EXPENSE' 
    group by
        c1_0.name
]]></system-out>
  </testcase>
</testsuite>