<?xml version="1.0" encoding="UTF-8"?>
<testsuite xmlns:xsi="http://www.w3.org/2001/XMLSchema-instance" xsi:noNamespaceSchemaLocation="https://maven.apache.org/surefire/maven-surefire-plugin/xsd/surefire-test-report-3.0.xsd" version="3.0" name="com.monify.UserServiceTest" time="5.892" tests="6" errors="0" skipped="0" failures="0">
  <properties>
[...]
</properties>
  <testcase name="testRegisterUserDuplicateEmail" classname="com.monify.UserServiceTest" time="0.515">
    <system-out><![CDATA[18:17:40.058 [main] INFO org.springframework.test.context.support.AnnotationConfigContextLoaderUtils -- Could not detect default configuration classes for test class [com.monify.UserServiceTest]: UserServiceTest does not declare any static, non-private, non-final, nested classes annotated with @Configuration.
18:17:40.176 [main] INFO org.springframework.boot.test.context.SpringBootTestContextBootstrapper -- Found @SpringBootConfiguration com.monify.MonifyApplication for test class com.monify.UserServiceTest

  .   ____          _            __ _ _
 /\\ / ___'_ __ _ _(_)_ __  __ _ \ \ \ \
( ( )\___ | '_ | '_| | '_ \/ _` | \ \ \ \
 \\/  ___)| |_)| | | | | || (_| |  ) ) ) )
  '  |____| .__|_| |_|_| |_\__, | / / / /
 =========|_|==============|___/=/_/_/_/
 :: Spring Boot ::                (v3.2.0)

2026-05-04T18:17:40.668-04:00  INFO 5139 --- [MONIFY - Sistema de OrganizaÃ§Ã£o Financeira] [           main] com.monify.UserServiceTest               : Starting UserServiceTest using Java 17.0.18 with PID 5139 (started by ubuntu in /home/ubuntu/project/Progama-o-WEB-main)
2026-05-04T18:17:40.670-04:00 DEBUG 5139 --- [MONIFY - Sistema de OrganizaÃ§Ã£o Financeira] [           main] com.monify.UserServiceTest               : Running with Spring Boot v3.2.0, Spring v6.1.1
2026-05-04T18:17:40.671-04:00  INFO 5139 --- [MONIFY - Sistema de OrganizaÃ§Ã£o Financeira] [           main] com.monify.UserServiceTest               : The following 1 profile is active: "test"
2026-05-04T18:17:42.437-04:00  WARN 5139 --- [MONIFY - Sistema de OrganizaÃ§Ã£o Financeira] [           main] org.hibernate.orm.deprecation            : HHH90000025: H2Dialect does not need to be specified explicitly using 'hibernate.dialect' (remove the property setting and it will be selected by default)
2026-05-04T18:17:43.330-04:00 DEBUG 5139 --- [MONIFY - Sistema de OrganizaÃ§Ã£o Financeira] [           main] org.hibernate.SQL                        : 
    drop table if exists categories cascade 
2026-05-04T18:17:43.334-04:00 DEBUG 5139 --- [MONIFY - Sistema de OrganizaÃ§Ã£o Financeira] [           main] org.hibernate.SQL                        : 
    drop table if exists transactions cascade 
2026-05-04T18:17:43.334-04:00 DEBUG 5139 --- [MONIFY - Sistema de OrganizaÃ§Ã£o Financeira] [           main] org.hibernate.SQL                        : 
    drop table if exists users cascade 
2026-05-04T18:17:43.340-04:00 DEBUG 5139 --- [MONIFY - Sistema de OrganizaÃ§Ã£o Financeira] [           main] org.hibernate.SQL                        : 
    create table categories (
        id bigint generated by default as identity,
        color varchar(255),
        icon varchar(255),
        name varchar(255) not null unique,
        primary key (id)
    )
2026-05-04T18:17:43.351-04:00 DEBUG 5139 --- [MONIFY - Sistema de OrganizaÃ§Ã£o Financeira] [           main] org.hibernate.SQL                        : 
    create table transactions (
        amount numeric(38,2) not null,
        date date not null,
        category_id bigint not null,
        created_at timestamp(6) not null,
        id bigint generated by default as identity,
        updated_at timestamp(6),
        user_id bigint not null,
        description varchar(255) not null,
        type varchar(255) not null check (type in ('INCOME','EXPENSE')),
        primary key (id)
    )
2026-05-04T18:17:43.357-04:00 DEBUG 5139 --- [MONIFY - Sistema de OrganizaÃ§Ã£o Financeira] [           main] org.hibernate.SQL                        : 
    create table users (
        created_at timestamp(6) not null,
        id bigint generated by default as identity,
        updated_at timestamp(6),
        email varchar(255) not null unique,
        name varchar(255) not null,
        password varchar(255) not null,
        primary key (id)
    )
2026-05-04T18:17:43.359-04:00 DEBUG 5139 --- [MONIFY - Sistema de OrganizaÃ§Ã£o Financeira] [           main] org.hibernate.SQL                        : 
    alter table if exists transactions 
       add constraint FKsqqi7sneo04kast0o138h19mv 
       foreign key (category_id) 
       references categories
2026-05-04T18:17:43.369-04:00 DEBUG 5139 --- [MONIFY - Sistema de OrganizaÃ§Ã£o Financeira] [           main] org.hibernate.SQL                        : 
    alter table if exists transactions 
       add constraint FKqwv7rmvc8va8rep7piikrojds 
       foreign key (user_id) 
       references users
2026-05-04T18:17:44.540-04:00  WARN 5139 --- [MONIFY - Sistema de OrganizaÃ§Ã£o Financeira] [           main] JpaBaseConfiguration$JpaWebConfiguration : spring.jpa.open-in-view is enabled by default. Therefore, database queries may be performed during view rendering. Explicitly configure spring.jpa.open-in-view to disable this warning
2026-05-04T18:17:44.916-04:00  INFO 5139 --- [MONIFY - Sistema de OrganizaÃ§Ã£o Financeira] [           main] com.monify.UserServiceTest               : Started UserServiceTest in 4.551 seconds (process running for 5.616)
2026-05-04T18:17:44.974-04:00 DEBUG 5139 --- [MONIFY - Sistema de OrganizaÃ§Ã£o Financeira] [           main] org.hibernate.SQL                        : 
    select
        count(*) 
    from
        categories c1_0
2026-05-04T18:17:45.066-04:00 DEBUG 5139 --- [MONIFY - Sistema de OrganizaÃ§Ã£o Financeira] [           main] org.hibernate.SQL                        : 
    insert 
    into
        categories
        (color, icon, name, id) 
    values
        (?, ?, ?, default)
2026-05-04T18:17:45.080-04:00 DEBUG 5139 --- [MONIFY - Sistema de OrganizaÃ§Ã£o Financeira] [           main] org.hibernate.SQL                        : 
    insert 
    into
        categories
        (color, icon, name, id) 
    values
        (?, ?, ?, default)
2026-05-04T18:17:45.083-04:00 DEBUG 5139 --- [MONIFY - Sistema de OrganizaÃ§Ã£o Financeira] [           main] org.hibernate.SQL                        : 
    insert 
    into
        categories
        (color, icon, name, id) 
    values
        (?, ?, ?, default)
2026-05-04T18:17:45.084-04:00 DEBUG 5139 --- [MONIFY - Sistema de OrganizaÃ§Ã£o Financeira] [           main] org.hibernate.SQL                        : 
    insert 
    into
        categories
        (color, icon, name, id) 
    values
        (?, ?, ?, default)
2026-05-04T18:17:45.086-04:00 DEBUG 5139 --- [MONIFY - Sistema de OrganizaÃ§Ã£o Financeira] [           main] org.hibernate.SQL                        : 
    insert 
    into
        categories
        (color, icon, name, id) 
    values
        (?, ?, ?, default)
2026-05-04T18:17:45.087-04:00 DEBUG 5139 --- [MONIFY - Sistema de OrganizaÃ§Ã£o Financeira] [           main] org.hibernate.SQL                        : 
    insert 
    into
        categories
        (color, icon, name, id) 
    values
        (?, ?, ?, default)
2026-05-04T18:17:45.089-04:00 DEBUG 5139 --- [MONIFY - Sistema de OrganizaÃ§Ã£o Financeira] [           main] org.hibernate.SQL                        : 
    insert 
    into
        categories
        (color, icon, name, id) 
    values
        (?, ?, ?, default)
2026-05-04T18:17:45.090-04:00 DEBUG 5139 --- [MONIFY - Sistema de OrganizaÃ§Ã£o Financeira] [           main] org.hibernate.SQL                        : 
    insert 
    into
        categories
        (color, icon, name, id) 
    values
        (?, ?, ?, default)
2026-05-04T18:17:45.091-04:00 DEBUG 5139 --- [MONIFY - Sistema de OrganizaÃ§Ã£o Financeira] [           main] org.hibernate.SQL                        : 
    insert 
    into
        categories
        (color, icon, name, id) 
    values
        (?, ?, ?, default)
2026-05-04T18:17:45.092-04:00 DEBUG 5139 --- [MONIFY - Sistema de OrganizaÃ§Ã£o Financeira] [           main] org.hibernate.SQL                        : 
    insert 
    into
        categories
        (color, icon, name, id) 
    values
        (?, ?, ?, default)
2026-05-04T18:17:45.093-04:00 DEBUG 5139 --- [MONIFY - Sistema de OrganizaÃ§Ã£o Financeira] [           main] org.hibernate.SQL                        : 
    insert 
    into
        categories
        (color, icon, name, id) 
    values
        (?, ?, ?, default)
2026-05-04T18:17:45.095-04:00 DEBUG 5139 --- [MONIFY - Sistema de OrganizaÃ§Ã£o Financeira] [           main] org.hibernate.SQL                        : 
    insert 
    into
        categories
        (color, icon, name, id) 
    values
        (?, ?, ?, default)
2026-05-04T18:17:45.593-04:00 DEBUG 5139 --- [MONIFY - Sistema de OrganizaÃ§Ã£o Financeira] [           main] org.hibernate.SQL                        : 
    select
        u1_0.id,
        u1_0.created_at,
        u1_0.email,
        u1_0.name,
        u1_0.password,
        u1_0.updated_at 
    from
        users u1_0
2026-05-04T18:17:45.614-04:00 DEBUG 5139 --- [MONIFY - Sistema de OrganizaÃ§Ã£o Financeira] [           main] org.hibernate.SQL                        : 
    select
        u1_0.id 
    from
        users u1_0 
    where
        u1_0.email=? 
    fetch
        first ? rows only
2026-05-04T18:17:45.620-04:00 DEBUG 5139 --- [MONIFY - Sistema de OrganizaÃ§Ã£o Financeira] [           main] org.hibernate.SQL                        : 
    insert 
    into
        users
        (created_at, email, name, password, updated_at, id) 
    values
        (?, ?, ?, ?, ?, default)
2026-05-04T18:17:45.627-04:00 DEBUG 5139 --- [MONIFY - Sistema de OrganizaÃ§Ã£o Financeira] [           main] org.hibernate.SQL                        : 
    select
        u1_0.id 
    from
        users u1_0 
    where
        u1_0.email=? 
    fetch
        first ? rows only
]]></system-out>
  </testcase>
  <testcase name="testUpdateUser" classname="com.monify.UserServiceTest" time="0.06">
    <system-out><![CDATA[2026-05-04T18:17:45.646-04:00 DEBUG 5139 --- [MONIFY - Sistema de OrganizaÃ§Ã£o Financeira] [           main] org.hibernate.SQL                        : 
    select
        u1_0.id,
        u1_0.created_at,
        u1_0.email,
        u1_0.name,
        u1_0.password,
        u1_0.updated_at 
    from
        users u1_0
2026-05-04T18:17:45.667-04:00 DEBUG 5139 --- [MONIFY - Sistema de OrganizaÃ§Ã£o Financeira] [           main] org.hibernate.SQL                        : 
    select
        t1_0.user_id,
        t1_0.id,
        t1_0.amount,
        t1_0.category_id,
        t1_0.created_at,
        t1_0.date,
        t1_0.description,
        t1_0.type,
        t1_0.updated_at 
    from
        transactions t1_0 
    where
        t1_0.user_id=?
2026-05-04T18:17:45.678-04:00 DEBUG 5139 --- [MONIFY - Sistema de OrganizaÃ§Ã£o Financeira] [           main] org.hibernate.SQL                        : 
    delete 
    from
        users 
    where
        id=?
2026-05-04T18:17:45.684-04:00 DEBUG 5139 --- [MONIFY - Sistema de OrganizaÃ§Ã£o Financeira] [           main] org.hibernate.SQL                        : 
    select
        u1_0.id 
    from
        users u1_0 
    where
        u1_0.email=? 
    fetch
        first ? rows only
2026-05-04T18:17:45.685-04:00 DEBUG 5139 --- [MONIFY - Sistema de OrganizaÃ§Ã£o Financeira] [           main] org.hibernate.SQL                        : 
    insert 
    into
        users
        (created_at, email, name, password, updated_at, id) 
    values
        (?, ?, ?, ?, ?, default)
2026-05-04T18:17:45.689-04:00 DEBUG 5139 --- [MONIFY - Sistema de OrganizaÃ§Ã£o Financeira] [           main] org.hibernate.SQL                        : 
    select
        u1_0.id,
        u1_0.created_at,
        u1_0.email,
        u1_0.name,
        u1_0.password,
        u1_0.updated_at 
    from
        users u1_0 
    where
        u1_0.id=?
2026-05-04T18:17:45.698-04:00 DEBUG 5139 --- [MONIFY - Sistema de OrganizaÃ§Ã£o Financeira] [           main] org.hibernate.SQL                        : 
    update
        users 
    set
        email=?,
        name=?,
        password=?,
        updated_at=? 
    where
        id=?
]]></system-out>
  </testcase>
  <testcase name="testRegisterUserSuccess" classname="com.monify.UserServiceTest" time="0.013">
    <system-out><![CDATA[2026-05-04T18:17:45.708-04:00 DEBUG 5139 --- [MONIFY - Sistema de OrganizaÃ§Ã£o Financeira] [           main] org.hibernate.SQL                        : 
    select
        u1_0.id,
        u1_0.created_at,
        u1_0.email,
        u1_0.name,
        u1_0.password,
        u1_0.updated_at 
    from
        users u1_0
2026-05-04T18:17:45.709-04:00 DEBUG 5139 --- [MONIFY - Sistema de OrganizaÃ§Ã£o Financeira] [           main] org.hibernate.SQL                        : 
    select
        t1_0.user_id,
        t1_0.id,
        t1_0.amount,
        t1_0.category_id,
        t1_0.created_at,
        t1_0.date,
        t1_0.description,
        t1_0.type,
        t1_0.updated_at 
    from
        transactions t1_0 
    where
        t1_0.user_id=?
2026-05-04T18:17:45.710-04:00 DEBUG 5139 --- [MONIFY - Sistema de OrganizaÃ§Ã£o Financeira] [           main] org.hibernate.SQL                        : 
    delete 
    from
        users 
    where
        id=?
2026-05-04T18:17:45.713-04:00 DEBUG 5139 --- [MONIFY - Sistema de OrganizaÃ§Ã£o Financeira] [           main] org.hibernate.SQL                        : 
    select
        u1_0.id 
    from
        users u1_0 
    where
        u1_0.email=? 
    fetch
        first ? rows only
2026-05-04T18:17:45.714-04:00 DEBUG 5139 --- [MONIFY - Sistema de OrganizaÃ§Ã£o Financeira] [           main] org.hibernate.SQL                        : 
    insert 
    into
        users
        (created_at, email, name, password, updated_at, id) 
    values
        (?, ?, ?, ?, ?, default)
]]></system-out>
  </testcase>
  <testcase name="testDeleteUser" classname="com.monify.UserServiceTest" time="0.019">
    <system-out><![CDATA[2026-05-04T18:17:45.723-04:00 DEBUG 5139 --- [MONIFY - Sistema de OrganizaÃ§Ã£o Financeira] [           main] org.hibernate.SQL                        : 
    select
        u1_0.id,
        u1_0.created_at,
        u1_0.email,
        u1_0.name,
        u1_0.password,
        u1_0.updated_at 
    from
        users u1_0
2026-05-04T18:17:45.724-04:00 DEBUG 5139 --- [MONIFY - Sistema de OrganizaÃ§Ã£o Financeira] [           main] org.hibernate.SQL                        : 
    select
        t1_0.user_id,
        t1_0.id,
        t1_0.amount,
        t1_0.category_id,
        t1_0.created_at,
        t1_0.date,
        t1_0.description,
        t1_0.type,
        t1_0.updated_at 
    from
        transactions t1_0 
    where
        t1_0.user_id=?
2026-05-04T18:17:45.725-04:00 DEBUG 5139 --- [MONIFY - Sistema de OrganizaÃ§Ã£o Financeira] [           main] org.hibernate.SQL                        : 
    delete 
    from
        users 
    where
        id=?
2026-05-04T18:17:45.728-04:00 DEBUG 5139 --- [MONIFY - Sistema de OrganizaÃ§Ã£o Financeira] [           main] org.hibernate.SQL                        : 
    select
        u1_0.id 
    from
        users u1_0 
    where
        u1_0.email=? 
    fetch
        first ? rows only
2026-05-04T18:17:45.729-04:00 DEBUG 5139 --- [MONIFY - Sistema de OrganizaÃ§Ã£o Financeira] [           main] org.hibernate.SQL                        : 
    insert 
    into
        users
        (created_at, email, name, password, updated_at, id) 
    values
        (?, ?, ?, ?, ?, default)
2026-05-04T18:17:45.731-04:00 DEBUG 5139 --- [MONIFY - Sistema de OrganizaÃ§Ã£o Financeira] [           main] org.hibernate.SQL                        : 
    select
        u1_0.id,
        u1_0.created_at,
        u1_0.email,
        u1_0.name,
        u1_0.password,
        u1_0.updated_at 
    from
        users u1_0 
    where
        u1_0.id=?
2026-05-04T18:17:45.733-04:00 DEBUG 5139 --- [MONIFY - Sistema de OrganizaÃ§Ã£o Financeira] [           main] org.hibernate.SQL                        : 
    select
        t1_0.user_id,
        t1_0.id,
        t1_0.amount,
        t1_0.category_id,
        t1_0.created_at,
        t1_0.date,
        t1_0.description,
        t1_0.type,
        t1_0.updated_at 
    from
        transactions t1_0 
    where
        t1_0.user_id=?
2026-05-04T18:17:45.734-04:00 DEBUG 5139 --- [MONIFY - Sistema de OrganizaÃ§Ã£o Financeira] [           main] org.hibernate.SQL                        : 
    delete 
    from
        users 
    where
        id=?
2026-05-04T18:17:45.735-04:00 DEBUG 5139 --- [MONIFY - Sistema de OrganizaÃ§Ã£o Financeira] [           main] org.hibernate.SQL                        : 
    select
        u1_0.id,
        u1_0.created_at,
        u1_0.email,
        u1_0.name,
        u1_0.password,
        u1_0.updated_at 
    from
        users u1_0 
    where
        u1_0.id=?
]]></system-out>
  </testcase>
  <testcase name="testAuthenticateUserSuccess" classname="com.monify.UserServiceTest" time="0.016">
    <system-out><![CDATA[2026-05-04T18:17:45.742-04:00 DEBUG 5139 --- [MONIFY - Sistema de OrganizaÃ§Ã£o Financeira] [           main] org.hibernate.SQL                        : 
    select
        u1_0.id,
        u1_0.created_at,
        u1_0.email,
        u1_0.name,
        u1_0.password,
        u1_0.updated_at 
    from
        users u1_0
2026-05-04T18:17:45.745-04:00 DEBUG 5139 --- [MONIFY - Sistema de OrganizaÃ§Ã£o Financeira] [           main] org.hibernate.SQL                        : 
    select
        u1_0.id 
    from
        users u1_0 
    where
        u1_0.email=? 
    fetch
        first ? rows only
2026-05-04T18:17:45.746-04:00 DEBUG 5139 --- [MONIFY - Sistema de OrganizaÃ§Ã£o Financeira] [           main] org.hibernate.SQL                        : 
    insert 
    into
        users
        (created_at, email, name, password, updated_at, id) 
    values
        (?, ?, ?, ?, ?, default)
2026-05-04T18:17:45.750-04:00 DEBUG 5139 --- [MONIFY - Sistema de OrganizaÃ§Ã£o Financeira] [           main] org.hibernate.SQL                        : 
    select
        u1_0.id,
        u1_0.created_at,
        u1_0.email,
        u1_0.name,
        u1_0.password,
        u1_0.updated_at 
    from
        users u1_0 
    where
        u1_0.email=?
]]></system-out>
  </testcase>
  <testcase name="testAuthenticateUserWrongPassword" classname="com.monify.UserServiceTest" time="0.017">
    <system-out><![CDATA[2026-05-04T18:17:45.759-04:00 DEBUG 5139 --- [MONIFY - Sistema de OrganizaÃ§Ã£o Financeira] [           main] org.hibernate.SQL                        : 
    select
        u1_0.id,
        u1_0.created_at,
        u1_0.email,
        u1_0.name,
        u1_0.password,
        u1_0.updated_at 
    from
        users u1_0
2026-05-04T18:17:45.761-04:00 DEBUG 5139 --- [MONIFY - Sistema de OrganizaÃ§Ã£o Financeira] [           main] org.hibernate.SQL                        : 
    select
        t1_0.user_id,
        t1_0.id,
        t1_0.amount,
        t1_0.category_id,
        t1_0.created_at,
        t1_0.date,
        t1_0.description,
        t1_0.type,
        t1_0.updated_at 
    from
        transactions t1_0 
    where
        t1_0.user_id=?
2026-05-04T18:17:45.763-04:00 DEBUG 5139 --- [MONIFY - Sistema de OrganizaÃ§Ã£o Financeira] [           main] org.hibernate.SQL                        : 
    delete 
    from
        users 
    where
        id=?
2026-05-04T18:17:45.765-04:00 DEBUG 5139 --- [MONIFY - Sistema de OrganizaÃ§Ã£o Financeira] [           main] org.hibernate.SQL                        : 
    select
        u1_0.id 
    from
        users u1_0 
    where
        u1_0.email=? 
    fetch
        first ? rows only
2026-05-04T18:17:45.766-04:00 DEBUG 5139 --- [MONIFY - Sistema de OrganizaÃ§Ã£o Financeira] [           main] org.hibernate.SQL                        : 
    insert 
    into
        users
        (created_at, email, name, password, updated_at, id) 
    values
        (?, ?, ?, ?, ?, default)
2026-05-04T18:17:45.769-04:00 DEBUG 5139 --- [MONIFY - Sistema de OrganizaÃ§Ã£o Financeira] [           main] org.hibernate.SQL                        : 
    select
        u1_0.id,
        u1_0.created_at,
        u1_0.email,
        u1_0.name,
        u1_0.password,
        u1_0.updated_at 
    from
        users u1_0 
    where
        u1_0.email=?
]]></system-out>
  </testcase>
</testsuite>