<?xml version="1.0" encoding="UTF-8"?>
<testsuite xmlns:xsi="http://www.w3.org/2001/XMLSchema-instance" xsi:noNamespaceSchemaLocation="https://maven.apache.org/surefire/maven-surefire-plugin/xsd/surefire-test-report-3.0.xsd" version="3.0" name="com.monify.TransactionServiceTest" time="0.275" tests="6" errors="0" skipped="0" failures="0">
  <properties>
[...]
</properties>
  <testcase name="testUpdateTransaction" classname="com.monify.TransactionServiceTest" time="0.068">
    <system-out><![CDATA[2026-05-04T18:17:45.789-04:00 DEBUG 5139 --- [MONIFY - Sistema de OrganizaÃ§Ã£o Financeira] [           main] org.hibernate.SQL                        : 
    select
        t1_0.id,
        t1_0.amount,
        t1_0.category_id,
        t1_0.created_at,
        t1_0.date,
        t1_0.description,
        t1_0.type,
        t1_0.updated_at,
        t1_0.user_id 
    from
        transactions t1_0
2026-05-04T18:17:45.794-04:00 DEBUG 5139 --- [MONIFY - Sistema de OrganizaÃ§Ã£o Financeira] [           main] org.hibernate.SQL                        : 
    select
        u1_0.id,
        u1_0.created_at,
        u1_0.email,
        u1_0.name,
        u1_0.password,
        u1_0.updated_at 
    from
        users u1_0
2026-05-04T18:17:45.799-04:00 DEBUG 5139 --- [MONIFY - Sistema de OrganizaÃ§Ã£o Financeira] [           main] org.hibernate.SQL                        : 
    select
        t1_0.user_id,
        t1_0.id,
        t1_0.amount,
        t1_0.category_id,
        t1_0.created_at,
        t1_0.date,
        t1_0.description,
        t1_0.type,
        t1_0.updated_at 
    from
        transactions t1_0 
    where
        t1_0.user_id=?
2026-05-04T18:17:45.800-04:00 DEBUG 5139 --- [MONIFY - Sistema de OrganizaÃ§Ã£o Financeira] [           main] org.hibernate.SQL                        : 
    delete 
    from
        users 
    where
        id=?
2026-05-04T18:17:45.803-04:00 DEBUG 5139 --- [MONIFY - Sistema de OrganizaÃ§Ã£o Financeira] [           main] org.hibernate.SQL                        : 
    select
        c1_0.id,
        c1_0.color,
        c1_0.icon,
        c1_0.name 
    from
        categories c1_0
2026-05-04T18:17:45.806-04:00 DEBUG 5139 --- [MONIFY - Sistema de OrganizaÃ§Ã£o Financeira] [           main] org.hibernate.SQL                        : 
    select
        t1_0.category_id,
        t1_0.id,
        t1_0.amount,
        t1_0.created_at,
        t1_0.date,
        t1_0.description,
        t1_0.type,
        t1_0.updated_at,
        t1_0.user_id 
    from
        transactions t1_0 
    where
        t1_0.category_id=?
2026-05-04T18:17:45.807-04:00 DEBUG 5139 --- [MONIFY - Sistema de OrganizaÃ§Ã£o Financeira] [           main] org.hibernate.SQL                        : 
    select
        t1_0.category_id,
        t1_0.id,
        t1_0.amount,
        t1_0.created_at,
        t1_0.date,
        t1_0.description,
        t1_0.type,
        t1_0.updated_at,
        t1_0.user_id 
    from
        transactions t1_0 
    where
        t1_0.category_id=?
2026-05-04T18:17:45.807-04:00 DEBUG 5139 --- [MONIFY - Sistema de OrganizaÃ§Ã£o Financeira] [           main] org.hibernate.SQL                        : 
    select
        t1_0.category_id,
        t1_0.id,
        t1_0.amount,
        t1_0.created_at,
        t1_0.date,
        t1_0.description,
        t1_0.type,
        t1_0.updated_at,
        t1_0.user_id 
    from
        transactions t1_0 
    where
        t1_0.category_id=?
2026-05-04T18:17:45.808-04:00 DEBUG 5139 --- [MONIFY - Sistema de OrganizaÃ§Ã£o Financeira] [           main] org.hibernate.SQL                        : 
    select
        t1_0.category_id,
        t1_0.id,
        t1_0.amount,
        t1_0.created_at,
        t1_0.date,
        t1_0.description,
        t1_0.type,
        t1_0.updated_at,
        t1_0.user_id 
    from
        transactions t1_0 
    where
        t1_0.category_id=?
2026-05-04T18:17:45.809-04:00 DEBUG 5139 --- [MONIFY - Sistema de OrganizaÃ§Ã£o Financeira] [           main] org.hibernate.SQL                        : 
    select
        t1_0.category_id,
        t1_0.id,
        t1_0.amount,
        t1_0.created_at,
        t1_0.date,
        t1_0.description,
        t1_0.type,
        t1_0.updated_at,
        t1_0.user_id 
    from
        transactions t1_0 
    where
        t1_0.category_id=?
2026-05-04T18:17:45.809-04:00 DEBUG 5139 --- [MONIFY - Sistema de OrganizaÃ§Ã£o Financeira] [           main] org.hibernate.SQL                        : 
    select
        t1_0.category_id,
        t1_0.id,
        t1_0.amount,
        t1_0.created_at,
        t1_0.date,
        t1_0.description,
        t1_0.type,
        t1_0.updated_at,
        t1_0.user_id 
    from
        transactions t1_0 
    where
        t1_0.category_id=?
2026-05-04T18:17:45.810-04:00 DEBUG 5139 --- [MONIFY - Sistema de OrganizaÃ§Ã£o Financeira] [           main] org.hibernate.SQL                        : 
    select
        t1_0.category_id,
        t1_0.id,
        t1_0.amount,
        t1_0.created_at,
        t1_0.date,
        t1_0.description,
        t1_0.type,
        t1_0.updated_at,
        t1_0.user_id 
    from
        transactions t1_0 
    where
        t1_0.category_id=?
2026-05-04T18:17:45.813-04:00 DEBUG 5139 --- [MONIFY - Sistema de OrganizaÃ§Ã£o Financeira] [           main] org.hibernate.SQL                        : 
    select
        t1_0.category_id,
        t1_0.id,
        t1_0.amount,
        t1_0.created_at,
        t1_0.date,
        t1_0.description,
        t1_0.type,
        t1_0.updated_at,
        t1_0.user_id 
    from
        transactions t1_0 
    where
        t1_0.category_id=?
2026-05-04T18:17:45.814-04:00 DEBUG 5139 --- [MONIFY - Sistema de OrganizaÃ§Ã£o Financeira] [           main] org.hibernate.SQL                        : 
    select
        t1_0.category_id,
        t1_0.id,
        t1_0.amount,
        t1_0.created_at,
        t1_0.date,
        t1_0.description,
        t1_0.type,
        t1_0.updated_at,
        t1_0.user_id 
    from
        transactions t1_0 
    where
        t1_0.category_id=?
2026-05-04T18:17:45.815-04:00 DEBUG 5139 --- [MONIFY - Sistema de OrganizaÃ§Ã£o Financeira] [           main] org.hibernate.SQL                        : 
    select
        t1_0.category_id,
        t1_0.id,
        t1_0.amount,
        t1_0.created_at,
        t1_0.date,
        t1_0.description,
        t1_0.type,
        t1_0.updated_at,
        t1_0.user_id 
    from
        transactions t1_0 
    where
        t1_0.category_id=?
2026-05-04T18:17:45.816-04:00 DEBUG 5139 --- [MONIFY - Sistema de OrganizaÃ§Ã£o Financeira] [           main] org.hibernate.SQL                        : 
    select
        t1_0.category_id,
        t1_0.id,
        t1_0.amount,
        t1_0.created_at,
        t1_0.date,
        t1_0.description,
        t1_0.type,
        t1_0.updated_at,
        t1_0.user_id 
    from
        transactions t1_0 
    where
        t1_0.category_id=?
2026-05-04T18:17:45.816-04:00 DEBUG 5139 --- [MONIFY - Sistema de OrganizaÃ§Ã£o Financeira] [           main] org.hibernate.SQL                        : 
    select
        t1_0.category_id,
        t1_0.id,
        t1_0.amount,
        t1_0.created_at,
        t1_0.date,
        t1_0.description,
        t1_0.type,
        t1_0.updated_at,
        t1_0.user_id 
    from
        transactions t1_0 
    where
        t1_0.category_id=?
2026-05-04T18:17:45.817-04:00 DEBUG 5139 --- [MONIFY - Sistema de OrganizaÃ§Ã£o Financeira] [           main] org.hibernate.SQL                        : 
    delete 
    from
        categories 
    where
        id=?
2026-05-04T18:17:45.818-04:00 DEBUG 5139 --- [MONIFY - Sistema de OrganizaÃ§Ã£o Financeira] [           main] org.hibernate.SQL                        : 
    delete 
    from
        categories 
    where
        id=?
2026-05-04T18:17:45.818-04:00 DEBUG 5139 --- [MONIFY - Sistema de OrganizaÃ§Ã£o Financeira] [           main] org.hibernate.SQL                        : 
    delete 
    from
        categories 
    where
        id=?
2026-05-04T18:17:45.818-04:00 DEBUG 5139 --- [MONIFY - Sistema de OrganizaÃ§Ã£o Financeira] [           main] org.hibernate.SQL                        : 
    delete 
    from
        categories 
    where
        id=?
2026-05-04T18:17:45.818-04:00 DEBUG 5139 --- [MONIFY - Sistema de OrganizaÃ§Ã£o Financeira] [           main] org.hibernate.SQL                        : 
    delete 
    from
        categories 
    where
        id=?
2026-05-04T18:17:45.818-04:00 DEBUG 5139 --- [MONIFY - Sistema de OrganizaÃ§Ã£o Financeira] [           main] org.hibernate.SQL                        : 
    delete 
    from
        categories 
    where
        id=?
2026-05-04T18:17:45.819-04:00 DEBUG 5139 --- [MONIFY - Sistema de OrganizaÃ§Ã£o Financeira] [           main] org.hibernate.SQL                        : 
    delete 
    from
        categories 
    where
        id=?
2026-05-04T18:17:45.819-04:00 DEBUG 5139 --- [MONIFY - Sistema de OrganizaÃ§Ã£o Financeira] [           main] org.hibernate.SQL                        : 
    delete 
    from
        categories 
    where
        id=?
2026-05-04T18:17:45.819-04:00 DEBUG 5139 --- [MONIFY - Sistema de OrganizaÃ§Ã£o Financeira] [           main] org.hibernate.SQL                        : 
    delete 
    from
        categories 
    where
        id=?
2026-05-04T18:17:45.819-04:00 DEBUG 5139 --- [MONIFY - Sistema de OrganizaÃ§Ã£o Financeira] [           main] org.hibernate.SQL                        : 
    delete 
    from
        categories 
    where
        id=?
2026-05-04T18:17:45.819-04:00 DEBUG 5139 --- [MONIFY - Sistema de OrganizaÃ§Ã£o Financeira] [           main] org.hibernate.SQL                        : 
    delete 
    from
        categories 
    where
        id=?
2026-05-04T18:17:45.819-04:00 DEBUG 5139 --- [MONIFY - Sistema de OrganizaÃ§Ã£o Financeira] [           main] org.hibernate.SQL                        : 
    delete 
    from
        categories 
    where
        id=?
2026-05-04T18:17:45.823-04:00 DEBUG 5139 --- [MONIFY - Sistema de OrganizaÃ§Ã£o Financeira] [           main] org.hibernate.SQL                        : 
    insert 
    into
        users
        (created_at, email, name, password, updated_at, id) 
    values
        (?, ?, ?, ?, ?, default)
2026-05-04T18:17:45.825-04:00 DEBUG 5139 --- [MONIFY - Sistema de OrganizaÃ§Ã£o Financeira] [           main] org.hibernate.SQL                        : 
    insert 
    into
        categories
        (color, icon, name, id) 
    values
        (?, ?, ?, default)
2026-05-04T18:17:45.828-04:00 DEBUG 5139 --- [MONIFY - Sistema de OrganizaÃ§Ã£o Financeira] [           main] org.hibernate.SQL                        : 
    select
        u1_0.id,
        u1_0.created_at,
        u1_0.email,
        u1_0.name,
        u1_0.password,
        u1_0.updated_at 
    from
        users u1_0 
    where
        u1_0.id=?
2026-05-04T18:17:45.830-04:00 DEBUG 5139 --- [MONIFY - Sistema de OrganizaÃ§Ã£o Financeira] [           main] org.hibernate.SQL                        : 
    select
        c1_0.id,
        c1_0.color,
        c1_0.icon,
        c1_0.name 
    from
        categories c1_0 
    where
        c1_0.id=?
2026-05-04T18:17:45.835-04:00 DEBUG 5139 --- [MONIFY - Sistema de OrganizaÃ§Ã£o Financeira] [           main] org.hibernate.SQL                        : 
    insert 
    into
        transactions
        (amount, category_id, created_at, date, description, type, updated_at, user_id, id) 
    values
        (?, ?, ?, ?, ?, ?, ?, ?, default)
2026-05-04T18:17:45.839-04:00 DEBUG 5139 --- [MONIFY - Sistema de OrganizaÃ§Ã£o Financeira] [           main] org.hibernate.SQL                        : 
    select
        t1_0.id,
        t1_0.amount,
        t1_0.category_id,
        t1_0.created_at,
        t1_0.date,
        t1_0.description,
        t1_0.type,
        t1_0.updated_at,
        t1_0.user_id 
    from
        transactions t1_0 
    where
        t1_0.id=?
2026-05-04T18:17:45.846-04:00 DEBUG 5139 --- [MONIFY - Sistema de OrganizaÃ§Ã£o Financeira] [           main] org.hibernate.SQL                        : 
    select
        c1_0.id,
        c1_0.color,
        c1_0.icon,
        c1_0.name 
    from
        categories c1_0 
    where
        c1_0.id=?
2026-05-04T18:17:45.849-04:00 DEBUG 5139 --- [MONIFY - Sistema de OrganizaÃ§Ã£o Financeira] [           main] org.hibernate.SQL                        : 
    update
        transactions 
    set
        amount=?,
        category_id=?,
        date=?,
        description=?,
        type=?,
        updated_at=?,
        user_id=? 
    where
        id=?
]]></system-out>
  </testcase>
  <testcase name="testGetTransactionsByType" classname="com.monify.TransactionServiceTest" time="0.043">
    <system-out><![CDATA[2026-05-04T18:17:45.859-04:00 DEBUG 5139 --- [MONIFY - Sistema de OrganizaÃ§Ã£o Financeira] [           main] org.hibernate.SQL                        : 
    select
        t1_0.id,
        t1_0.amount,
        t1_0.category_id,
        t1_0.created_at,
        t1_0.date,
        t1_0.description,
        t1_0.type,
        t1_0.updated_at,
        t1_0.user_id 
    from
        transactions t1_0
2026-05-04T18:17:45.862-04:00 DEBUG 5139 --- [MONIFY - Sistema de OrganizaÃ§Ã£o Financeira] [           main] org.hibernate.SQL                        : 
    delete 
    from
        transactions 
    where
        id=?
2026-05-04T18:17:45.865-04:00 DEBUG 5139 --- [MONIFY - Sistema de OrganizaÃ§Ã£o Financeira] [           main] org.hibernate.SQL                        : 
    select
        u1_0.id,
        u1_0.created_at,
        u1_0.email,
        u1_0.name,
        u1_0.password,
        u1_0.updated_at 
    from
        users u1_0
2026-05-04T18:17:45.866-04:00 DEBUG 5139 --- [MONIFY - Sistema de OrganizaÃ§Ã£o Financeira] [           main] org.hibernate.SQL                        : 
    select
        t1_0.user_id,
        t1_0.id,
        t1_0.amount,
        t1_0.category_id,
        t1_0.created_at,
        t1_0.date,
        t1_0.description,
        t1_0.type,
        t1_0.updated_at 
    from
        transactions t1_0 
    where
        t1_0.user_id=?
2026-05-04T18:17:45.868-04:00 DEBUG 5139 --- [MONIFY - Sistema de OrganizaÃ§Ã£o Financeira] [           main] org.hibernate.SQL                        : 
    delete 
    from
        users 
    where
        id=?
2026-05-04T18:17:45.870-04:00 DEBUG 5139 --- [MONIFY - Sistema de OrganizaÃ§Ã£o Financeira] [           main] org.hibernate.SQL                        : 
    select
        c1_0.id,
        c1_0.color,
        c1_0.icon,
        c1_0.name 
    from
        categories c1_0
2026-05-04T18:17:45.871-04:00 DEBUG 5139 --- [MONIFY - Sistema de OrganizaÃ§Ã£o Financeira] [           main] org.hibernate.SQL                        : 
    select
        t1_0.category_id,
        t1_0.id,
        t1_0.amount,
        t1_0.created_at,
        t1_0.date,
        t1_0.description,
        t1_0.type,
        t1_0.updated_at,
        t1_0.user_id 
    from
        transactions t1_0 
    where
        t1_0.category_id=?
2026-05-04T18:17:45.872-04:00 DEBUG 5139 --- [MONIFY - Sistema de OrganizaÃ§Ã£o Financeira] [           main] org.hibernate.SQL                        : 
    delete 
    from
        categories 
    where
        id=?
2026-05-04T18:17:45.874-04:00 DEBUG 5139 --- [MONIFY - Sistema de OrganizaÃ§Ã£o Financeira] [           main] org.hibernate.SQL                        : 
    insert 
    into
        users
        (created_at, email, name, password, updated_at, id) 
    values
        (?, ?, ?, ?, ?, default)
2026-05-04T18:17:45.876-04:00 DEBUG 5139 --- [MONIFY - Sistema de OrganizaÃ§Ã£o Financeira] [           main] org.hibernate.SQL                        : 
    insert 
    into
        categories
        (color, icon, name, id) 
    values
        (?, ?, ?, default)
2026-05-04T18:17:45.879-04:00 DEBUG 5139 --- [MONIFY - Sistema de OrganizaÃ§Ã£o Financeira] [           main] org.hibernate.SQL                        : 
    select
        u1_0.id,
        u1_0.created_at,
        u1_0.email,
        u1_0.name,
        u1_0.password,
        u1_0.updated_at 
    from
        users u1_0 
    where
        u1_0.id=?
2026-05-04T18:17:45.880-04:00 DEBUG 5139 --- [MONIFY - Sistema de OrganizaÃ§Ã£o Financeira] [           main] org.hibernate.SQL                        : 
    select
        c1_0.id,
        c1_0.color,
        c1_0.icon,
        c1_0.name 
    from
        categories c1_0 
    where
        c1_0.id=?
2026-05-04T18:17:45.882-04:00 DEBUG 5139 --- [MONIFY - Sistema de OrganizaÃ§Ã£o Financeira] [           main] org.hibernate.SQL                        : 
    insert 
    into
        transactions
        (amount, category_id, created_at, date, description, type, updated_at, user_id, id) 
    values
        (?, ?, ?, ?, ?, ?, ?, ?, default)
2026-05-04T18:17:45.884-04:00 DEBUG 5139 --- [MONIFY - Sistema de OrganizaÃ§Ã£o Financeira] [           main] org.hibernate.SQL                        : 
    select
        u1_0.id,
        u1_0.created_at,
        u1_0.email,
        u1_0.name,
        u1_0.password,
        u1_0.updated_at 
    from
        users u1_0 
    where
        u1_0.id=?
2026-05-04T18:17:45.885-04:00 DEBUG 5139 --- [MONIFY - Sistema de OrganizaÃ§Ã£o Financeira] [           main] org.hibernate.SQL                        : 
    select
        c1_0.id,
        c1_0.color,
        c1_0.icon,
        c1_0.name 
    from
        categories c1_0 
    where
        c1_0.id=?
2026-05-04T18:17:45.886-04:00 DEBUG 5139 --- [MONIFY - Sistema de OrganizaÃ§Ã£o Financeira] [           main] org.hibernate.SQL                        : 
    insert 
    into
        transactions
        (amount, category_id, created_at, date, description, type, updated_at, user_id, id) 
    values
        (?, ?, ?, ?, ?, ?, ?, ?, default)
2026-05-04T18:17:45.888-04:00 DEBUG 5139 --- [MONIFY - Sistema de OrganizaÃ§Ã£o Financeira] [           main] org.hibernate.SQL                        : 
    select
        u1_0.id,
        u1_0.created_at,
        u1_0.email,
        u1_0.name,
        u1_0.password,
        u1_0.updated_at 
    from
        users u1_0 
    where
        u1_0.id=?
2026-05-04T18:17:45.892-04:00 DEBUG 5139 --- [MONIFY - Sistema de OrganizaÃ§Ã£o Financeira] [           main] org.hibernate.SQL                        : 
    select
        t1_0.id,
        t1_0.amount,
        t1_0.category_id,
        t1_0.created_at,
        t1_0.date,
        t1_0.description,
        t1_0.type,
        t1_0.updated_at,
        t1_0.user_id 
    from
        transactions t1_0 
    where
        t1_0.user_id=? 
        and t1_0.type=?
2026-05-04T18:17:45.894-04:00 DEBUG 5139 --- [MONIFY - Sistema de OrganizaÃ§Ã£o Financeira] [           main] org.hibernate.SQL                        : 
    select
        c1_0.id,
        c1_0.color,
        c1_0.icon,
        c1_0.name 
    from
        categories c1_0 
    where
        c1_0.id=?
]]></system-out>
  </testcase>
  <testcase name="testGetTransactionsByUserId" classname="com.monify.TransactionServiceTest" time="0.041">
    <system-out><![CDATA[2026-05-04T18:17:45.902-04:00 DEBUG 5139 --- [MONIFY - Sistema de OrganizaÃ§Ã£o Financeira] [           main] org.hibernate.SQL                        : 
    select
        t1_0.id,
        t1_0.amount,
        t1_0.category_id,
        t1_0.created_at,
        t1_0.date,
        t1_0.description,
        t1_0.type,
        t1_0.updated_at,
        t1_0.user_id 
    from
        transactions t1_0
2026-05-04T18:17:45.905-04:00 DEBUG 5139 --- [MONIFY - Sistema de OrganizaÃ§Ã£o Financeira] [           main] org.hibernate.SQL                        : 
    delete 
    from
        transactions 
    where
        id=?
2026-05-04T18:17:45.905-04:00 DEBUG 5139 --- [MONIFY - Sistema de OrganizaÃ§Ã£o Financeira] [           main] org.hibernate.SQL                        : 
    delete 
    from
        transactions 
    where
        id=?
2026-05-04T18:17:45.908-04:00 DEBUG 5139 --- [MONIFY - Sistema de OrganizaÃ§Ã£o Financeira] [           main] org.hibernate.SQL                        : 
    select
        u1_0.id,
        u1_0.created_at,
        u1_0.email,
        u1_0.name,
        u1_0.password,
        u1_0.updated_at 
    from
        users u1_0
2026-05-04T18:17:45.911-04:00 DEBUG 5139 --- [MONIFY - Sistema de OrganizaÃ§Ã£o Financeira] [           main] org.hibernate.SQL                        : 
    select
        t1_0.user_id,
        t1_0.id,
        t1_0.amount,
        t1_0.category_id,
        t1_0.created_at,
        t1_0.date,
        t1_0.description,
        t1_0.type,
        t1_0.updated_at 
    from
        transactions t1_0 
    where
        t1_0.user_id=?
2026-05-04T18:17:45.913-04:00 DEBUG 5139 --- [MONIFY - Sistema de OrganizaÃ§Ã£o Financeira] [           main] org.hibernate.SQL                        : 
    delete 
    from
        users 
    where
        id=?
2026-05-04T18:17:45.920-04:00 DEBUG 5139 --- [MONIFY - Sistema de OrganizaÃ§Ã£o Financeira] [           main] org.hibernate.SQL                        : 
    select
        c1_0.id,
        c1_0.color,
        c1_0.icon,
        c1_0.name 
    from
        categories c1_0
2026-05-04T18:17:45.921-04:00 DEBUG 5139 --- [MONIFY - Sistema de OrganizaÃ§Ã£o Financeira] [           main] org.hibernate.SQL                        : 
    select
        t1_0.category_id,
        t1_0.id,
        t1_0.amount,
        t1_0.created_at,
        t1_0.date,
        t1_0.description,
        t1_0.type,
        t1_0.updated_at,
        t1_0.user_id 
    from
        transactions t1_0 
    where
        t1_0.category_id=?
2026-05-04T18:17:45.922-04:00 DEBUG 5139 --- [MONIFY - Sistema de OrganizaÃ§Ã£o Financeira] [           main] org.hibernate.SQL                        : 
    delete 
    from
        categories 
    where
        id=?
2026-05-04T18:17:45.923-04:00 DEBUG 5139 --- [MONIFY - Sistema de OrganizaÃ§Ã£o Financeira] [           main] org.hibernate.SQL                        : 
    insert 
    into
        users
        (created_at, email, name, password, updated_at, id) 
    values
        (?, ?, ?, ?, ?, default)
2026-05-04T18:17:45.925-04:00 DEBUG 5139 --- [MONIFY - Sistema de OrganizaÃ§Ã£o Financeira] [           main] org.hibernate.SQL                        : 
    insert 
    into
        categories
        (color, icon, name, id) 
    values
        (?, ?, ?, default)
2026-05-04T18:17:45.927-04:00 DEBUG 5139 --- [MONIFY - Sistema de OrganizaÃ§Ã£o Financeira] [           main] org.hibernate.SQL                        : 
    select
        u1_0.id,
        u1_0.created_at,
        u1_0.email,
        u1_0.name,
        u1_0.password,
        u1_0.updated_at 
    from
        users u1_0 
    where
        u1_0.id=?
2026-05-04T18:17:45.928-04:00 DEBUG 5139 --- [MONIFY - Sistema de OrganizaÃ§Ã£o Financeira] [           main] org.hibernate.SQL                        : 
    select
        c1_0.id,
        c1_0.color,
        c1_0.icon,
        c1_0.name 
    from
        categories c1_0 
    where
        c1_0.id=?
2026-05-04T18:17:45.929-04:00 DEBUG 5139 --- [MONIFY - Sistema de OrganizaÃ§Ã£o Financeira] [           main] org.hibernate.SQL                        : 
    insert 
    into
        transactions
        (amount, category_id, created_at, date, description, type, updated_at, user_id, id) 
    values
        (?, ?, ?, ?, ?, ?, ?, ?, default)
2026-05-04T18:17:45.931-04:00 DEBUG 5139 --- [MONIFY - Sistema de OrganizaÃ§Ã£o Financeira] [           main] org.hibernate.SQL                        : 
    select
        u1_0.id,
        u1_0.created_at,
        u1_0.email,
        u1_0.name,
        u1_0.password,
        u1_0.updated_at 
    from
        users u1_0 
    where
        u1_0.id=?
2026-05-04T18:17:45.935-04:00 DEBUG 5139 --- [MONIFY - Sistema de OrganizaÃ§Ã£o Financeira] [           main] org.hibernate.SQL                        : 
    select
        t1_0.id,
        t1_0.amount,
        t1_0.category_id,
        t1_0.created_at,
        t1_0.date,
        t1_0.description,
        t1_0.type,
        t1_0.updated_at,
        t1_0.user_id 
    from
        transactions t1_0 
    where
        t1_0.user_id=? 
    order by
        t1_0.date desc
2026-05-04T18:17:45.937-04:00 DEBUG 5139 --- [MONIFY - Sistema de OrganizaÃ§Ã£o Financeira] [           main] org.hibernate.SQL                        : 
    select
        c1_0.id,
        c1_0.color,
        c1_0.icon,
        c1_0.name 
    from
        categories c1_0 
    where
        c1_0.id=?
]]></system-out>
  </testcase>
  <testcase name="testDeleteTransaction" classname="com.monify.TransactionServiceTest" time="0.036">
    <system-out><![CDATA[2026-05-04T18:17:45.945-04:00 DEBUG 5139 --- [MONIFY - Sistema de OrganizaÃ§Ã£o Financeira] [           main] org.hibernate.SQL                        : 
    select
        t1_0.id,
        t1_0.amount,
        t1_0.category_id,
        t1_0.created_at,
        t1_0.date,
        t1_0.description,
        t1_0.type,
        t1_0.updated_at,
        t1_0.user_id 
    from
        transactions t1_0
2026-05-04T18:17:45.948-04:00 DEBUG 5139 --- [MONIFY - Sistema de OrganizaÃ§Ã£o Financeira] [           main] org.hibernate.SQL                        : 
    delete 
    from
        transactions 
    where
        id=?
2026-05-04T18:17:45.950-04:00 DEBUG 5139 --- [MONIFY - Sistema de OrganizaÃ§Ã£o Financeira] [           main] org.hibernate.SQL                        : 
    select
        u1_0.id,
        u1_0.created_at,
        u1_0.email,
        u1_0.name,
        u1_0.password,
        u1_0.updated_at 
    from
        users u1_0
2026-05-04T18:17:45.952-04:00 DEBUG 5139 --- [MONIFY - Sistema de OrganizaÃ§Ã£o Financeira] [           main] org.hibernate.SQL                        : 
    select
        t1_0.user_id,
        t1_0.id,
        t1_0.amount,
        t1_0.category_id,
        t1_0.created_at,
        t1_0.date,
        t1_0.description,
        t1_0.type,
        t1_0.updated_at 
    from
        transactions t1_0 
    where
        t1_0.user_id=?
2026-05-04T18:17:45.953-04:00 DEBUG 5139 --- [MONIFY - Sistema de OrganizaÃ§Ã£o Financeira] [           main] org.hibernate.SQL                        : 
    delete 
    from
        users 
    where
        id=?
2026-05-04T18:17:45.956-04:00 DEBUG 5139 --- [MONIFY - Sistema de OrganizaÃ§Ã£o Financeira] [           main] org.hibernate.SQL                        : 
    select
        c1_0.id,
        c1_0.color,
        c1_0.icon,
        c1_0.name 
    from
        categories c1_0
2026-05-04T18:17:45.957-04:00 DEBUG 5139 --- [MONIFY - Sistema de OrganizaÃ§Ã£o Financeira] [           main] org.hibernate.SQL                        : 
    select
        t1_0.category_id,
        t1_0.id,
        t1_0.amount,
        t1_0.created_at,
        t1_0.date,
        t1_0.description,
        t1_0.type,
        t1_0.updated_at,
        t1_0.user_id 
    from
        transactions t1_0 
    where
        t1_0.category_id=?
2026-05-04T18:17:45.958-04:00 DEBUG 5139 --- [MONIFY - Sistema de OrganizaÃ§Ã£o Financeira] [           main] org.hibernate.SQL                        : 
    delete 
    from
        categories 
    where
        id=?
2026-05-04T18:17:45.960-04:00 DEBUG 5139 --- [MONIFY - Sistema de OrganizaÃ§Ã£o Financeira] [           main] org.hibernate.SQL                        : 
    insert 
    into
        users
        (created_at, email, name, password, updated_at, id) 
    values
        (?, ?, ?, ?, ?, default)
2026-05-04T18:17:45.962-04:00 DEBUG 5139 --- [MONIFY - Sistema de OrganizaÃ§Ã£o Financeira] [           main] org.hibernate.SQL                        : 
    insert 
    into
        categories
        (color, icon, name, id) 
    values
        (?, ?, ?, default)
2026-05-04T18:17:45.964-04:00 DEBUG 5139 --- [MONIFY - Sistema de OrganizaÃ§Ã£o Financeira] [           main] org.hibernate.SQL                        : 
    select
        u1_0.id,
        u1_0.created_at,
        u1_0.email,
        u1_0.name,
        u1_0.password,
        u1_0.updated_at 
    from
        users u1_0 
    where
        u1_0.id=?
2026-05-04T18:17:45.966-04:00 DEBUG 5139 --- [MONIFY - Sistema de OrganizaÃ§Ã£o Financeira] [           main] org.hibernate.SQL                        : 
    select
        c1_0.id,
        c1_0.color,
        c1_0.icon,
        c1_0.name 
    from
        categories c1_0 
    where
        c1_0.id=?
2026-05-04T18:17:45.967-04:00 DEBUG 5139 --- [MONIFY - Sistema de OrganizaÃ§Ã£o Financeira] [           main] org.hibernate.SQL                        : 
    insert 
    into
        transactions
        (amount, category_id, created_at, date, description, type, updated_at, user_id, id) 
    values
        (?, ?, ?, ?, ?, ?, ?, ?, default)
2026-05-04T18:17:45.970-04:00 DEBUG 5139 --- [MONIFY - Sistema de OrganizaÃ§Ã£o Financeira] [           main] org.hibernate.SQL                        : 
    select
        t1_0.id,
        t1_0.amount,
        t1_0.category_id,
        t1_0.created_at,
        t1_0.date,
        t1_0.description,
        t1_0.type,
        t1_0.updated_at,
        t1_0.user_id 
    from
        transactions t1_0 
    where
        t1_0.id=?
2026-05-04T18:17:45.972-04:00 DEBUG 5139 --- [MONIFY - Sistema de OrganizaÃ§Ã£o Financeira] [           main] org.hibernate.SQL                        : 
    delete 
    from
        transactions 
    where
        id=?
2026-05-04T18:17:45.974-04:00 DEBUG 5139 --- [MONIFY - Sistema de OrganizaÃ§Ã£o Financeira] [           main] org.hibernate.SQL                        : 
    select
        t1_0.id,
        t1_0.amount,
        t1_0.category_id,
        t1_0.created_at,
        t1_0.date,
        t1_0.description,
        t1_0.type,
        t1_0.updated_at,
        t1_0.user_id 
    from
        transactions t1_0 
    where
        t1_0.id=?
]]></system-out>
  </testcase>
  <testcase name="testCreateTransaction" classname="com.monify.TransactionServiceTest" time="0.022">
    <system-out><![CDATA[2026-05-04T18:17:45.982-04:00 DEBUG 5139 --- [MONIFY - Sistema de OrganizaÃ§Ã£o Financeira] [           main] org.hibernate.SQL                        : 
    select
        t1_0.id,
        t1_0.amount,
        t1_0.category_id,
        t1_0.created_at,
        t1_0.date,
        t1_0.description,
        t1_0.type,
        t1_0.updated_at,
        t1_0.user_id 
    from
        transactions t1_0
2026-05-04T18:17:45.984-04:00 DEBUG 5139 --- [MONIFY - Sistema de OrganizaÃ§Ã£o Financeira] [           main] org.hibernate.SQL                        : 
    select
        u1_0.id,
        u1_0.created_at,
        u1_0.email,
        u1_0.name,
        u1_0.password,
        u1_0.updated_at 
    from
        users u1_0
2026-05-04T18:17:45.985-04:00 DEBUG 5139 --- [MONIFY - Sistema de OrganizaÃ§Ã£o Financeira] [           main] org.hibernate.SQL                        : 
    select
        t1_0.user_id,
        t1_0.id,
        t1_0.amount,
        t1_0.category_id,
        t1_0.created_at,
        t1_0.date,
        t1_0.description,
        t1_0.type,
        t1_0.updated_at 
    from
        transactions t1_0 
    where
        t1_0.user_id=?
2026-05-04T18:17:45.986-04:00 DEBUG 5139 --- [MONIFY - Sistema de OrganizaÃ§Ã£o Financeira] [           main] org.hibernate.SQL                        : 
    delete 
    from
        users 
    where
        id=?
2026-05-04T18:17:45.989-04:00 DEBUG 5139 --- [MONIFY - Sistema de OrganizaÃ§Ã£o Financeira] [           main] org.hibernate.SQL                        : 
    select
        c1_0.id,
        c1_0.color,
        c1_0.icon,
        c1_0.name 
    from
        categories c1_0
2026-05-04T18:17:45.990-04:00 DEBUG 5139 --- [MONIFY - Sistema de OrganizaÃ§Ã£o Financeira] [           main] org.hibernate.SQL                        : 
    select
        t1_0.category_id,
        t1_0.id,
        t1_0.amount,
        t1_0.created_at,
        t1_0.date,
        t1_0.description,
        t1_0.type,
        t1_0.updated_at,
        t1_0.user_id 
    from
        transactions t1_0 
    where
        t1_0.category_id=?
2026-05-04T18:17:45.991-04:00 DEBUG 5139 --- [MONIFY - Sistema de OrganizaÃ§Ã£o Financeira] [           main] org.hibernate.SQL                        : 
    delete 
    from
        categories 
    where
        id=?
2026-05-04T18:17:45.992-04:00 DEBUG 5139 --- [MONIFY - Sistema de OrganizaÃ§Ã£o Financeira] [           main] org.hibernate.SQL                        : 
    insert 
    into
        users
        (created_at, email, name, password, updated_at, id) 
    values
        (?, ?, ?, ?, ?, default)
2026-05-04T18:17:45.994-04:00 DEBUG 5139 --- [MONIFY - Sistema de OrganizaÃ§Ã£o Financeira] [           main] org.hibernate.SQL                        : 
    insert 
    into
        categories
        (color, icon, name, id) 
    values
        (?, ?, ?, default)
2026-05-04T18:17:45.996-04:00 DEBUG 5139 --- [MONIFY - Sistema de OrganizaÃ§Ã£o Financeira] [           main] org.hibernate.SQL                        : 
    select
        u1_0.id,
        u1_0.created_at,
        u1_0.email,
        u1_0.name,
        u1_0.password,
        u1_0.updated_at 
    from
        users u1_0 
    where
        u1_0.id=?
2026-05-04T18:17:45.997-04:00 DEBUG 5139 --- [MONIFY - Sistema de OrganizaÃ§Ã£o Financeira] [           main] org.hibernate.SQL                        : 
    select
        c1_0.id,
        c1_0.color,
        c1_0.icon,
        c1_0.name 
    from
        categories c1_0 
    where
        c1_0.id=?
2026-05-04T18:17:45.998-04:00 DEBUG 5139 --- [MONIFY - Sistema de OrganizaÃ§Ã£o Financeira] [           main] org.hibernate.SQL                        : 
    insert 
    into
        transactions
        (amount, category_id, created_at, date, description, type, updated_at, user_id, id) 
    values
        (?, ?, ?, ?, ?, ?, ?, ?, default)
]]></system-out>
  </testcase>
  <testcase name="testGetFinancialSummary" classname="com.monify.TransactionServiceTest" time="0.05">
    <system-out><![CDATA[2026-05-04T18:17:46.006-04:00 DEBUG 5139 --- [MONIFY - Sistema de OrganizaÃ§Ã£o Financeira] [           main] org.hibernate.SQL                        : 
    select
        t1_0.id,
        t1_0.amount,
        t1_0.category_id,
        t1_0.created_at,
        t1_0.date,
        t1_0.description,
        t1_0.type,
        t1_0.updated_at,
        t1_0.user_id 
    from
        transactions t1_0
2026-05-04T18:17:46.008-04:00 DEBUG 5139 --- [MONIFY - Sistema de OrganizaÃ§Ã£o Financeira] [           main] org.hibernate.SQL                        : 
    delete 
    from
        transactions 
    where
        id=?
2026-05-04T18:17:46.010-04:00 DEBUG 5139 --- [MONIFY - Sistema de OrganizaÃ§Ã£o Financeira] [           main] org.hibernate.SQL                        : 
    select
        u1_0.id,
        u1_0.created_at,
        u1_0.email,
        u1_0.name,
        u1_0.password,
        u1_0.updated_at 
    from
        users u1_0
2026-05-04T18:17:46.011-04:00 DEBUG 5139 --- [MONIFY - Sistema de OrganizaÃ§Ã£o Financeira] [           main] org.hibernate.SQL                        : 
    select
        t1_0.user_id,
        t1_0.id,
        t1_0.amount,
        t1_0.category_id,
        t1_0.created_at,
        t1_0.date,
        t1_0.description,
        t1_0.type,
        t1_0.updated_at 
    from
        transactions t1_0 
    where
        t1_0.user_id=?
2026-05-04T18:17:46.013-04:00 DEBUG 5139 --- [MONIFY - Sistema de OrganizaÃ§Ã£o Financeira] [           main] org.hibernate.SQL                        : 
    delete 
    from
        users 
    where
        id=?
2026-05-04T18:17:46.015-04:00 DEBUG 5139 --- [MONIFY - Sistema de OrganizaÃ§Ã£o Financeira] [           main] org.hibernate.SQL                        : 
    select
        c1_0.id,
        c1_0.color,
        c1_0.icon,
        c1_0.name 
    from
        categories c1_0
2026-05-04T18:17:46.015-04:00 DEBUG 5139 --- [MONIFY - Sistema de OrganizaÃ§Ã£o Financeira] [           main] org.hibernate.SQL                        : 
    select
        t1_0.category_id,
        t1_0.id,
        t1_0.amount,
        t1_0.created_at,
        t1_0.date,
        t1_0.description,
        t1_0.type,
        t1_0.updated_at,
        t1_0.user_id 
    from
        transactions t1_0 
    where
        t1_0.category_id=?
2026-05-04T18:17:46.017-04:00 DEBUG 5139 --- [MONIFY - Sistema de OrganizaÃ§Ã£o Financeira] [           main] org.hibernate.SQL                        : 
    delete 
    from
        categories 
    where
        id=?
2026-05-04T18:17:46.018-04:00 DEBUG 5139 --- [MONIFY - Sistema de OrganizaÃ§Ã£o Financeira] [           main] org.hibernate.SQL                        : 
    insert 
    into
        users
        (created_at, email, name, password, updated_at, id) 
    values
        (?, ?, ?, ?, ?, default)
2026-05-04T18:17:46.020-04:00 DEBUG 5139 --- [MONIFY - Sistema de OrganizaÃ§Ã£o Financeira] [           main] org.hibernate.SQL                        : 
    insert 
    into
        categories
        (color, icon, name, id) 
    values
        (?, ?, ?, default)
2026-05-04T18:17:46.022-04:00 DEBUG 5139 --- [MONIFY - Sistema de OrganizaÃ§Ã£o Financeira] [           main] org.hibernate.SQL                        : 
    select
        u1_0.id,
        u1_0.created_at,
        u1_0.email,
        u1_0.name,
        u1_0.password,
        u1_0.updated_at 
    from
        users u1_0 
    where
        u1_0.id=?
2026-05-04T18:17:46.023-04:00 DEBUG 5139 --- [MONIFY - Sistema de OrganizaÃ§Ã£o Financeira] [           main] org.hibernate.SQL                        : 
    select
        c1_0.id,
        c1_0.color,
        c1_0.icon,
        c1_0.name 
    from
        categories c1_0 
    where
        c1_0.id=?
2026-05-04T18:17:46.024-04:00 DEBUG 5139 --- [MONIFY - Sistema de OrganizaÃ§Ã£o Financeira] [           main] org.hibernate.SQL                        : 
    insert 
    into
        transactions
        (amount, category_id, created_at, date, description, type, updated_at, user_id, id) 
    values
        (?, ?, ?, ?, ?, ?, ?, ?, default)
2026-05-04T18:17:46.025-04:00 DEBUG 5139 --- [MONIFY - Sistema de OrganizaÃ§Ã£o Financeira] [           main] org.hibernate.SQL                        : 
    select
        u1_0.id,
        u1_0.created_at,
        u1_0.email,
        u1_0.name,
        u1_0.password,
        u1_0.updated_at 
    from
        users u1_0 
    where
        u1_0.id=?
2026-05-04T18:17:46.026-04:00 DEBUG 5139 --- [MONIFY - Sistema de OrganizaÃ§Ã£o Financeira] [           main] org.hibernate.SQL                        : 
    select
        c1_0.id,
        c1_0.color,
        c1_0.icon,
        c1_0.name 
    from
        categories c1_0 
    where
        c1_0.id=?
2026-05-04T18:17:46.027-04:00 DEBUG 5139 --- [MONIFY - Sistema de OrganizaÃ§Ã£o Financeira] [           main] org.hibernate.SQL                        : 
    insert 
    into
        transactions
        (amount, category_id, created_at, date, description, type, updated_at, user_id, id) 
    values
        (?, ?, ?, ?, ?, ?, ?, ?, default)
2026-05-04T18:17:46.028-04:00 DEBUG 5139 --- [MONIFY - Sistema de OrganizaÃ§Ã£o Financeira] [           main] org.hibernate.SQL                        : 
    select
        u1_0.id,
        u1_0.created_at,
        u1_0.email,
        u1_0.name,
        u1_0.password,
        u1_0.updated_at 
    from
        users u1_0 
    where
        u1_0.id=?
2026-05-04T18:17:46.036-04:00 DEBUG 5139 --- [MONIFY - Sistema de OrganizaÃ§Ã£o Financeira] [           main] org.hibernate.SQL                        : 
    select
        sum(t1_0.amount) 
    from
        transactions t1_0 
    where
        t1_0.user_id=? 
        and t1_0.type='INCOME'
2026-05-04T18:17:46.041-04:00 DEBUG 5139 --- [MONIFY - Sistema de OrganizaÃ§Ã£o Financeira] [           main] org.hibernate.SQL                        : 
    select
        sum(t1_0.amount) 
    from
        transactions t1_0 
    where
        t1_0.user_id=? 
        and t1_0.type='EXPENSE'
2026-05-04T18:17:46.043-04:00 DEBUG 5139 --- [MONIFY - Sistema de OrganizaÃ§Ã£o Financeira] [           main] org.hibernate.SQL                        : 
    select
        count(t1_0.id) 
    from
        transactions t1_0 
    where
        t1_0.user_id=?
2026-05-04T18:17:46.048-04:00 DEBUG 5139 --- [MONIFY - Sistema de OrganizaÃ§Ã£o Financeira] [           main] org.hibernate.SQL                        : 
    select
        c1_0.name,
        sum(t1_0.amount) 
    from
        transactions t1_0 
    join
        categories c1_0 
            on c1_0.id=t1_0.category_id 
    where
        t1_0.user_id=? 
        and t1_0.type='EXPENSE' 
    group by
        c1_0.name
]]></system-out>
  </testcase>
</testsuite>